]633;E;for s in $(seq 1 1000000);00309002-8968-4700-95be-11280c97bf71]633;C‚ñ∂Ô∏è  TEST_SEED=1
============================= test session starts ==============================
platform linux -- Python 3.12.3, pytest-8.0.0, pluggy-1.5.0
rootdir: /home/mati/mur
configfile: pytest.ini
plugins: hypothesis-6.99.6, xdist-3.5.0
collected 1 item

test/test_rollingcountminsketch.py .                                     [100%]

============================== 1 passed in 0.53s ===============================
‚ñ∂Ô∏è  TEST_SEED=2
============================= test session starts ==============================
platform linux -- Python 3.12.3, pytest-8.0.0, pluggy-1.5.0
rootdir: /home/mati/mur
configfile: pytest.ini
plugins: hypothesis-6.99.6, xdist-3.5.0
collected 1 item

test/test_rollingcountminsketch.py .                                     [100%]

============================== 1 passed in 0.54s ===============================
‚ñ∂Ô∏è  TEST_SEED=3
============================= test session starts ==============================
platform linux -- Python 3.12.3, pytest-8.0.0, pluggy-1.5.0
rootdir: /home/mati/mur
configfile: pytest.ini
plugins: hypothesis-6.99.6, xdist-3.5.0
collected 1 item

test/test_rollingcountminsketch.py .                                     [100%]

============================== 1 passed in 0.55s ===============================
‚ñ∂Ô∏è  TEST_SEED=4
============================= test session starts ==============================
platform linux -- Python 3.12.3, pytest-8.0.0, pluggy-1.5.0
rootdir: /home/mati/mur
configfile: pytest.ini
plugins: hypothesis-6.99.6, xdist-3.5.0
collected 1 item

test/test_rollingcountminsketch.py .                                     [100%]

============================== 1 passed in 0.52s ===============================
‚ñ∂Ô∏è  TEST_SEED=5
============================= test session starts ==============================
platform linux -- Python 3.12.3, pytest-8.0.0, pluggy-1.5.0
rootdir: /home/mati/mur
configfile: pytest.ini
plugins: hypothesis-6.99.6, xdist-3.5.0
collected 1 item

test/test_rollingcountminsketch.py .                                     [100%]

============================== 1 passed in 0.54s ===============================
‚ñ∂Ô∏è  TEST_SEED=6
============================= test session starts ==============================
platform linux -- Python 3.12.3, pytest-8.0.0, pluggy-1.5.0
rootdir: /home/mati/mur
configfile: pytest.ini
plugins: hypothesis-6.99.6, xdist-3.5.0
collected 1 item

test/test_rollingcountminsketch.py .                                     [100%]

============================== 1 passed in 0.53s ===============================
‚ñ∂Ô∏è  TEST_SEED=7
============================= test session starts ==============================
platform linux -- Python 3.12.3, pytest-8.0.0, pluggy-1.5.0
rootdir: /home/mati/mur
configfile: pytest.ini
plugins: hypothesis-6.99.6, xdist-3.5.0
collected 1 item

test/test_rollingcountminsketch.py .                                     [100%]

============================== 1 passed in 0.53s ===============================
‚ñ∂Ô∏è  TEST_SEED=8
============================= test session starts ==============================
platform linux -- Python 3.12.3, pytest-8.0.0, pluggy-1.5.0
rootdir: /home/mati/mur
configfile: pytest.ini
plugins: hypothesis-6.99.6, xdist-3.5.0
collected 1 item

test/test_rollingcountminsketch.py .                                     [100%]

============================== 1 passed in 0.54s ===============================
‚ñ∂Ô∏è  TEST_SEED=9
============================= test session starts ==============================
platform linux -- Python 3.12.3, pytest-8.0.0, pluggy-1.5.0
rootdir: /home/mati/mur
configfile: pytest.ini
plugins: hypothesis-6.99.6, xdist-3.5.0
collected 1 item

test/test_rollingcountminsketch.py .                                     [100%]

============================== 1 passed in 0.58s ===============================
‚ñ∂Ô∏è  TEST_SEED=10
============================= test session starts ==============================
platform linux -- Python 3.12.3, pytest-8.0.0, pluggy-1.5.0
rootdir: /home/mati/mur
configfile: pytest.ini
plugins: hypothesis-6.99.6, xdist-3.5.0
collected 1 item

test/test_rollingcountminsketch.py .                                     [100%]

============================== 1 passed in 0.56s ===============================
‚ñ∂Ô∏è  TEST_SEED=11
============================= test session starts ==============================
platform linux -- Python 3.12.3, pytest-8.0.0, pluggy-1.5.0
rootdir: /home/mati/mur
configfile: pytest.ini
plugins: hypothesis-6.99.6, xdist-3.5.0
collected 1 item

test/test_rollingcountminsketch.py .                                     [100%]

============================== 1 passed in 0.53s ===============================
‚ñ∂Ô∏è  TEST_SEED=12
============================= test session starts ==============================
platform linux -- Python 3.12.3, pytest-8.0.0, pluggy-1.5.0
rootdir: /home/mati/mur
configfile: pytest.ini
plugins: hypothesis-6.99.6, xdist-3.5.0
collected 1 item

test/test_rollingcountminsketch.py .                                     [100%]

============================== 1 passed in 0.56s ===============================
‚ñ∂Ô∏è  TEST_SEED=13
============================= test session starts ==============================
platform linux -- Python 3.12.3, pytest-8.0.0, pluggy-1.5.0
rootdir: /home/mati/mur
configfile: pytest.ini
plugins: hypothesis-6.99.6, xdist-3.5.0
collected 1 item

test/test_rollingcountminsketch.py .                                     [100%]

============================== 1 passed in 0.52s ===============================
‚ñ∂Ô∏è  TEST_SEED=14
============================= test session starts ==============================
platform linux -- Python 3.12.3, pytest-8.0.0, pluggy-1.5.0
rootdir: /home/mati/mur
configfile: pytest.ini
plugins: hypothesis-6.99.6, xdist-3.5.0
collected 1 item

test/test_rollingcountminsketch.py .                                     [100%]

============================== 1 passed in 0.54s ===============================
‚ñ∂Ô∏è  TEST_SEED=15
============================= test session starts ==============================
platform linux -- Python 3.12.3, pytest-8.0.0, pluggy-1.5.0
rootdir: /home/mati/mur
configfile: pytest.ini
plugins: hypothesis-6.99.6, xdist-3.5.0
collected 1 item

test/test_rollingcountminsketch.py .                                     [100%]

============================== 1 passed in 0.53s ===============================
‚ñ∂Ô∏è  TEST_SEED=16
============================= test session starts ==============================
platform linux -- Python 3.12.3, pytest-8.0.0, pluggy-1.5.0
rootdir: /home/mati/mur
configfile: pytest.ini
plugins: hypothesis-6.99.6, xdist-3.5.0
collected 1 item

test/test_rollingcountminsketch.py .                                     [100%]

============================== 1 passed in 0.52s ===============================
‚ñ∂Ô∏è  TEST_SEED=17
============================= test session starts ==============================
platform linux -- Python 3.12.3, pytest-8.0.0, pluggy-1.5.0
rootdir: /home/mati/mur
configfile: pytest.ini
plugins: hypothesis-6.99.6, xdist-3.5.0
collected 1 item

test/test_rollingcountminsketch.py .                                     [100%]

============================== 1 passed in 0.53s ===============================
‚ñ∂Ô∏è  TEST_SEED=18
============================= test session starts ==============================
platform linux -- Python 3.12.3, pytest-8.0.0, pluggy-1.5.0
rootdir: /home/mati/mur
configfile: pytest.ini
plugins: hypothesis-6.99.6, xdist-3.5.0
collected 1 item

test/test_rollingcountminsketch.py .                                     [100%]

============================== 1 passed in 0.51s ===============================
‚ñ∂Ô∏è  TEST_SEED=19
============================= test session starts ==============================
platform linux -- Python 3.12.3, pytest-8.0.0, pluggy-1.5.0
rootdir: /home/mati/mur
configfile: pytest.ini
plugins: hypothesis-6.99.6, xdist-3.5.0
collected 1 item

test/test_rollingcountminsketch.py .                                     [100%]

============================== 1 passed in 0.51s ===============================
‚ñ∂Ô∏è  TEST_SEED=20
============================= test session starts ==============================
platform linux -- Python 3.12.3, pytest-8.0.0, pluggy-1.5.0
rootdir: /home/mati/mur
configfile: pytest.ini
plugins: hypothesis-6.99.6, xdist-3.5.0
collected 1 item

test/test_rollingcountminsketch.py .                                     [100%]

============================== 1 passed in 0.50s ===============================
‚ñ∂Ô∏è  TEST_SEED=21
============================= test session starts ==============================
platform linux -- Python 3.12.3, pytest-8.0.0, pluggy-1.5.0
rootdir: /home/mati/mur
configfile: pytest.ini
plugins: hypothesis-6.99.6, xdist-3.5.0
collected 1 item

test/test_rollingcountminsketch.py .                                     [100%]

============================== 1 passed in 0.50s ===============================
‚ñ∂Ô∏è  TEST_SEED=22
============================= test session starts ==============================
platform linux -- Python 3.12.3, pytest-8.0.0, pluggy-1.5.0
rootdir: /home/mati/mur
configfile: pytest.ini
plugins: hypothesis-6.99.6, xdist-3.5.0
collected 1 item

test/test_rollingcountminsketch.py .                                     [100%]

============================== 1 passed in 0.52s ===============================
‚ñ∂Ô∏è  TEST_SEED=23
============================= test session starts ==============================
platform linux -- Python 3.12.3, pytest-8.0.0, pluggy-1.5.0
rootdir: /home/mati/mur
configfile: pytest.ini
plugins: hypothesis-6.99.6, xdist-3.5.0
collected 1 item

test/test_rollingcountminsketch.py .                                     [100%]

============================== 1 passed in 0.52s ===============================
‚ñ∂Ô∏è  TEST_SEED=24
============================= test session starts ==============================
platform linux -- Python 3.12.3, pytest-8.0.0, pluggy-1.5.0
rootdir: /home/mati/mur
configfile: pytest.ini
plugins: hypothesis-6.99.6, xdist-3.5.0
collected 1 item

test/test_rollingcountminsketch.py .                                     [100%]

============================== 1 passed in 0.52s ===============================
‚ñ∂Ô∏è  TEST_SEED=25
============================= test session starts ==============================
platform linux -- Python 3.12.3, pytest-8.0.0, pluggy-1.5.0
rootdir: /home/mati/mur
configfile: pytest.ini
plugins: hypothesis-6.99.6, xdist-3.5.0
collected 1 item

test/test_rollingcountminsketch.py .                                     [100%]

============================== 1 passed in 0.51s ===============================
‚ñ∂Ô∏è  TEST_SEED=26
============================= test session starts ==============================
platform linux -- Python 3.12.3, pytest-8.0.0, pluggy-1.5.0
rootdir: /home/mati/mur
configfile: pytest.ini
plugins: hypothesis-6.99.6, xdist-3.5.0
collected 1 item

test/test_rollingcountminsketch.py .                                     [100%]

============================== 1 passed in 0.51s ===============================
‚ñ∂Ô∏è  TEST_SEED=27
============================= test session starts ==============================
platform linux -- Python 3.12.3, pytest-8.0.0, pluggy-1.5.0
rootdir: /home/mati/mur
configfile: pytest.ini
plugins: hypothesis-6.99.6, xdist-3.5.0
collected 1 item

test/test_rollingcountminsketch.py .                                     [100%]

============================== 1 passed in 0.51s ===============================
‚ñ∂Ô∏è  TEST_SEED=28
============================= test session starts ==============================
platform linux -- Python 3.12.3, pytest-8.0.0, pluggy-1.5.0
rootdir: /home/mati/mur
configfile: pytest.ini
plugins: hypothesis-6.99.6, xdist-3.5.0
collected 1 item

test/test_rollingcountminsketch.py .                                     [100%]

============================== 1 passed in 0.52s ===============================
‚ñ∂Ô∏è  TEST_SEED=29
============================= test session starts ==============================
platform linux -- Python 3.12.3, pytest-8.0.0, pluggy-1.5.0
rootdir: /home/mati/mur
configfile: pytest.ini
plugins: hypothesis-6.99.6, xdist-3.5.0
collected 1 item

test/test_rollingcountminsketch.py .                                     [100%]

============================== 1 passed in 0.52s ===============================
‚ñ∂Ô∏è  TEST_SEED=30
============================= test session starts ==============================
platform linux -- Python 3.12.3, pytest-8.0.0, pluggy-1.5.0
rootdir: /home/mati/mur
configfile: pytest.ini
plugins: hypothesis-6.99.6, xdist-3.5.0
collected 1 item

test/test_rollingcountminsketch.py .                                     [100%]

============================== 1 passed in 0.53s ===============================
‚ñ∂Ô∏è  TEST_SEED=31
============================= test session starts ==============================
platform linux -- Python 3.12.3, pytest-8.0.0, pluggy-1.5.0
rootdir: /home/mati/mur
configfile: pytest.ini
plugins: hypothesis-6.99.6, xdist-3.5.0
collected 1 item

test/test_rollingcountminsketch.py .                                     [100%]

============================== 1 passed in 0.54s ===============================
‚ñ∂Ô∏è  TEST_SEED=32
============================= test session starts ==============================
platform linux -- Python 3.12.3, pytest-8.0.0, pluggy-1.5.0
rootdir: /home/mati/mur
configfile: pytest.ini
plugins: hypothesis-6.99.6, xdist-3.5.0
collected 1 item

test/test_rollingcountminsketch.py .                                     [100%]

============================== 1 passed in 0.53s ===============================
‚ñ∂Ô∏è  TEST_SEED=33
============================= test session starts ==============================
platform linux -- Python 3.12.3, pytest-8.0.0, pluggy-1.5.0
rootdir: /home/mati/mur
configfile: pytest.ini
plugins: hypothesis-6.99.6, xdist-3.5.0
collected 1 item

test/test_rollingcountminsketch.py .                                     [100%]

============================== 1 passed in 0.52s ===============================
‚ñ∂Ô∏è  TEST_SEED=34
============================= test session starts ==============================
platform linux -- Python 3.12.3, pytest-8.0.0, pluggy-1.5.0
rootdir: /home/mati/mur
configfile: pytest.ini
plugins: hypothesis-6.99.6, xdist-3.5.0
collected 1 item

test/test_rollingcountminsketch.py .                                     [100%]

============================== 1 passed in 0.53s ===============================
‚ñ∂Ô∏è  TEST_SEED=35
============================= test session starts ==============================
platform linux -- Python 3.12.3, pytest-8.0.0, pluggy-1.5.0
rootdir: /home/mati/mur
configfile: pytest.ini
plugins: hypothesis-6.99.6, xdist-3.5.0
collected 1 item

test/test_rollingcountminsketch.py .                                     [100%]

============================== 1 passed in 0.56s ===============================
‚ñ∂Ô∏è  TEST_SEED=36
============================= test session starts ==============================
platform linux -- Python 3.12.3, pytest-8.0.0, pluggy-1.5.0
rootdir: /home/mati/mur
configfile: pytest.ini
plugins: hypothesis-6.99.6, xdist-3.5.0
collected 1 item

test/test_rollingcountminsketch.py .                                     [100%]

============================== 1 passed in 0.56s ===============================
‚ñ∂Ô∏è  TEST_SEED=37
============================= test session starts ==============================
platform linux -- Python 3.12.3, pytest-8.0.0, pluggy-1.5.0
rootdir: /home/mati/mur
configfile: pytest.ini
plugins: hypothesis-6.99.6, xdist-3.5.0
collected 1 item

test/test_rollingcountminsketch.py .                                     [100%]

============================== 1 passed in 0.55s ===============================
‚ñ∂Ô∏è  TEST_SEED=38
============================= test session starts ==============================
platform linux -- Python 3.12.3, pytest-8.0.0, pluggy-1.5.0
rootdir: /home/mati/mur
configfile: pytest.ini
plugins: hypothesis-6.99.6, xdist-3.5.0
collected 1 item

test/test_rollingcountminsketch.py .                                     [100%]

============================== 1 passed in 0.56s ===============================
‚ñ∂Ô∏è  TEST_SEED=39
============================= test session starts ==============================
platform linux -- Python 3.12.3, pytest-8.0.0, pluggy-1.5.0
rootdir: /home/mati/mur
configfile: pytest.ini
plugins: hypothesis-6.99.6, xdist-3.5.0
collected 1 item

test/test_rollingcountminsketch.py .                                     [100%]

============================== 1 passed in 0.54s ===============================
‚ñ∂Ô∏è  TEST_SEED=40
============================= test session starts ==============================
platform linux -- Python 3.12.3, pytest-8.0.0, pluggy-1.5.0
rootdir: /home/mati/mur
configfile: pytest.ini
plugins: hypothesis-6.99.6, xdist-3.5.0
collected 1 item

test/test_rollingcountminsketch.py .                                     [100%]

============================== 1 passed in 0.54s ===============================
‚ñ∂Ô∏è  TEST_SEED=41
============================= test session starts ==============================
platform linux -- Python 3.12.3, pytest-8.0.0, pluggy-1.5.0
rootdir: /home/mati/mur
configfile: pytest.ini
plugins: hypothesis-6.99.6, xdist-3.5.0
collected 1 item

test/test_rollingcountminsketch.py .                                     [100%]

============================== 1 passed in 0.53s ===============================
‚ñ∂Ô∏è  TEST_SEED=42
============================= test session starts ==============================
platform linux -- Python 3.12.3, pytest-8.0.0, pluggy-1.5.0
rootdir: /home/mati/mur
configfile: pytest.ini
plugins: hypothesis-6.99.6, xdist-3.5.0
collected 1 item

test/test_rollingcountminsketch.py .                                     [100%]

============================== 1 passed in 0.55s ===============================
‚ñ∂Ô∏è  TEST_SEED=43
============================= test session starts ==============================
platform linux -- Python 3.12.3, pytest-8.0.0, pluggy-1.5.0
rootdir: /home/mati/mur
configfile: pytest.ini
plugins: hypothesis-6.99.6, xdist-3.5.0
collected 1 item

test/test_rollingcountminsketch.py .                                     [100%]

============================== 1 passed in 0.55s ===============================
‚ñ∂Ô∏è  TEST_SEED=44
============================= test session starts ==============================
platform linux -- Python 3.12.3, pytest-8.0.0, pluggy-1.5.0
rootdir: /home/mati/mur
configfile: pytest.ini
plugins: hypothesis-6.99.6, xdist-3.5.0
collected 1 item

test/test_rollingcountminsketch.py .                                     [100%]

============================== 1 passed in 0.54s ===============================
‚ñ∂Ô∏è  TEST_SEED=45
============================= test session starts ==============================
platform linux -- Python 3.12.3, pytest-8.0.0, pluggy-1.5.0
rootdir: /home/mati/mur
configfile: pytest.ini
plugins: hypothesis-6.99.6, xdist-3.5.0
collected 1 item

test/test_rollingcountminsketch.py .                                     [100%]

============================== 1 passed in 0.56s ===============================
‚ñ∂Ô∏è  TEST_SEED=46
============================= test session starts ==============================
platform linux -- Python 3.12.3, pytest-8.0.0, pluggy-1.5.0
rootdir: /home/mati/mur
configfile: pytest.ini
plugins: hypothesis-6.99.6, xdist-3.5.0
collected 1 item

test/test_rollingcountminsketch.py .                                     [100%]

============================== 1 passed in 0.54s ===============================
‚ñ∂Ô∏è  TEST_SEED=47
============================= test session starts ==============================
platform linux -- Python 3.12.3, pytest-8.0.0, pluggy-1.5.0
rootdir: /home/mati/mur
configfile: pytest.ini
plugins: hypothesis-6.99.6, xdist-3.5.0
collected 1 item

test/test_rollingcountminsketch.py .                                     [100%]

============================== 1 passed in 0.54s ===============================
‚ñ∂Ô∏è  TEST_SEED=48
============================= test session starts ==============================
platform linux -- Python 3.12.3, pytest-8.0.0, pluggy-1.5.0
rootdir: /home/mati/mur
configfile: pytest.ini
plugins: hypothesis-6.99.6, xdist-3.5.0
collected 1 item

test/test_rollingcountminsketch.py .                                     [100%]

============================== 1 passed in 0.54s ===============================
‚ñ∂Ô∏è  TEST_SEED=49
============================= test session starts ==============================
platform linux -- Python 3.12.3, pytest-8.0.0, pluggy-1.5.0
rootdir: /home/mati/mur
configfile: pytest.ini
plugins: hypothesis-6.99.6, xdist-3.5.0
collected 1 item

test/test_rollingcountminsketch.py .                                     [100%]

============================== 1 passed in 0.53s ===============================
‚ñ∂Ô∏è  TEST_SEED=50
============================= test session starts ==============================
platform linux -- Python 3.12.3, pytest-8.0.0, pluggy-1.5.0
rootdir: /home/mati/mur
configfile: pytest.ini
plugins: hypothesis-6.99.6, xdist-3.5.0
collected 1 item

test/test_rollingcountminsketch.py .                                     [100%]

============================== 1 passed in 0.53s ===============================
‚ñ∂Ô∏è  TEST_SEED=51
============================= test session starts ==============================
platform linux -- Python 3.12.3, pytest-8.0.0, pluggy-1.5.0
rootdir: /home/mati/mur
configfile: pytest.ini
plugins: hypothesis-6.99.6, xdist-3.5.0
collected 1 item

test/test_rollingcountminsketch.py .                                     [100%]

============================== 1 passed in 0.53s ===============================
‚ñ∂Ô∏è  TEST_SEED=52
============================= test session starts ==============================
platform linux -- Python 3.12.3, pytest-8.0.0, pluggy-1.5.0
rootdir: /home/mati/mur
configfile: pytest.ini
plugins: hypothesis-6.99.6, xdist-3.5.0
collected 1 item

test/test_rollingcountminsketch.py .                                     [100%]

============================== 1 passed in 0.52s ===============================
‚ñ∂Ô∏è  TEST_SEED=53
============================= test session starts ==============================
platform linux -- Python 3.12.3, pytest-8.0.0, pluggy-1.5.0
rootdir: /home/mati/mur
configfile: pytest.ini
plugins: hypothesis-6.99.6, xdist-3.5.0
collected 1 item

test/test_rollingcountminsketch.py .                                     [100%]

============================== 1 passed in 0.53s ===============================
‚ñ∂Ô∏è  TEST_SEED=54
============================= test session starts ==============================
platform linux -- Python 3.12.3, pytest-8.0.0, pluggy-1.5.0
rootdir: /home/mati/mur
configfile: pytest.ini
plugins: hypothesis-6.99.6, xdist-3.5.0
collected 1 item

test/test_rollingcountminsketch.py .                                     [100%]

============================== 1 passed in 0.55s ===============================
‚ñ∂Ô∏è  TEST_SEED=55
============================= test session starts ==============================
platform linux -- Python 3.12.3, pytest-8.0.0, pluggy-1.5.0
rootdir: /home/mati/mur
configfile: pytest.ini
plugins: hypothesis-6.99.6, xdist-3.5.0
collected 1 item

test/test_rollingcountminsketch.py .                                     [100%]

============================== 1 passed in 0.53s ===============================
‚ñ∂Ô∏è  TEST_SEED=56
============================= test session starts ==============================
platform linux -- Python 3.12.3, pytest-8.0.0, pluggy-1.5.0
rootdir: /home/mati/mur
configfile: pytest.ini
plugins: hypothesis-6.99.6, xdist-3.5.0
collected 1 item

test/test_rollingcountminsketch.py .                                     [100%]

============================== 1 passed in 0.55s ===============================
‚ñ∂Ô∏è  TEST_SEED=57
============================= test session starts ==============================
platform linux -- Python 3.12.3, pytest-8.0.0, pluggy-1.5.0
rootdir: /home/mati/mur
configfile: pytest.ini
plugins: hypothesis-6.99.6, xdist-3.5.0
collected 1 item

test/test_rollingcountminsketch.py .                                     [100%]

============================== 1 passed in 0.53s ===============================
‚ñ∂Ô∏è  TEST_SEED=58
============================= test session starts ==============================
platform linux -- Python 3.12.3, pytest-8.0.0, pluggy-1.5.0
rootdir: /home/mati/mur
configfile: pytest.ini
plugins: hypothesis-6.99.6, xdist-3.5.0
collected 1 item

test/test_rollingcountminsketch.py .                                     [100%]

============================== 1 passed in 0.54s ===============================
‚ñ∂Ô∏è  TEST_SEED=59
============================= test session starts ==============================
platform linux -- Python 3.12.3, pytest-8.0.0, pluggy-1.5.0
rootdir: /home/mati/mur
configfile: pytest.ini
plugins: hypothesis-6.99.6, xdist-3.5.0
collected 1 item

test/test_rollingcountminsketch.py .                                     [100%]

============================== 1 passed in 0.56s ===============================
‚ñ∂Ô∏è  TEST_SEED=60
============================= test session starts ==============================
platform linux -- Python 3.12.3, pytest-8.0.0, pluggy-1.5.0
rootdir: /home/mati/mur
configfile: pytest.ini
plugins: hypothesis-6.99.6, xdist-3.5.0
collected 1 item

test/test_rollingcountminsketch.py .                                     [100%]

============================== 1 passed in 0.53s ===============================
‚ñ∂Ô∏è  TEST_SEED=61
============================= test session starts ==============================
platform linux -- Python 3.12.3, pytest-8.0.0, pluggy-1.5.0
rootdir: /home/mati/mur
configfile: pytest.ini
plugins: hypothesis-6.99.6, xdist-3.5.0
collected 1 item

test/test_rollingcountminsketch.py .                                     [100%]

============================== 1 passed in 0.52s ===============================
‚ñ∂Ô∏è  TEST_SEED=62
============================= test session starts ==============================
platform linux -- Python 3.12.3, pytest-8.0.0, pluggy-1.5.0
rootdir: /home/mati/mur
configfile: pytest.ini
plugins: hypothesis-6.99.6, xdist-3.5.0
collected 1 item

test/test_rollingcountminsketch.py .                                     [100%]

============================== 1 passed in 0.53s ===============================
‚ñ∂Ô∏è  TEST_SEED=63
============================= test session starts ==============================
platform linux -- Python 3.12.3, pytest-8.0.0, pluggy-1.5.0
rootdir: /home/mati/mur
configfile: pytest.ini
plugins: hypothesis-6.99.6, xdist-3.5.0
collected 1 item

test/test_rollingcountminsketch.py .                                     [100%]

============================== 1 passed in 0.55s ===============================
‚ñ∂Ô∏è  TEST_SEED=64
============================= test session starts ==============================
platform linux -- Python 3.12.3, pytest-8.0.0, pluggy-1.5.0
rootdir: /home/mati/mur
configfile: pytest.ini
plugins: hypothesis-6.99.6, xdist-3.5.0
collected 1 item

test/test_rollingcountminsketch.py .                                     [100%]

============================== 1 passed in 0.52s ===============================
‚ñ∂Ô∏è  TEST_SEED=65
============================= test session starts ==============================
platform linux -- Python 3.12.3, pytest-8.0.0, pluggy-1.5.0
rootdir: /home/mati/mur
configfile: pytest.ini
plugins: hypothesis-6.99.6, xdist-3.5.0
collected 1 item

test/test_rollingcountminsketch.py .                                     [100%]

============================== 1 passed in 0.53s ===============================
‚ñ∂Ô∏è  TEST_SEED=66
============================= test session starts ==============================
platform linux -- Python 3.12.3, pytest-8.0.0, pluggy-1.5.0
rootdir: /home/mati/mur
configfile: pytest.ini
plugins: hypothesis-6.99.6, xdist-3.5.0
collected 1 item

test/test_rollingcountminsketch.py .                                     [100%]

============================== 1 passed in 0.53s ===============================
‚ñ∂Ô∏è  TEST_SEED=67
============================= test session starts ==============================
platform linux -- Python 3.12.3, pytest-8.0.0, pluggy-1.5.0
rootdir: /home/mati/mur
configfile: pytest.ini
plugins: hypothesis-6.99.6, xdist-3.5.0
collected 1 item

test/test_rollingcountminsketch.py .                                     [100%]

============================== 1 passed in 0.54s ===============================
‚ñ∂Ô∏è  TEST_SEED=68
============================= test session starts ==============================
platform linux -- Python 3.12.3, pytest-8.0.0, pluggy-1.5.0
rootdir: /home/mati/mur
configfile: pytest.ini
plugins: hypothesis-6.99.6, xdist-3.5.0
collected 1 item

test/test_rollingcountminsketch.py .                                     [100%]

============================== 1 passed in 0.54s ===============================
‚ñ∂Ô∏è  TEST_SEED=69
============================= test session starts ==============================
platform linux -- Python 3.12.3, pytest-8.0.0, pluggy-1.5.0
rootdir: /home/mati/mur
configfile: pytest.ini
plugins: hypothesis-6.99.6, xdist-3.5.0
collected 1 item

test/test_rollingcountminsketch.py .                                     [100%]

============================== 1 passed in 0.53s ===============================
‚ñ∂Ô∏è  TEST_SEED=70
============================= test session starts ==============================
platform linux -- Python 3.12.3, pytest-8.0.0, pluggy-1.5.0
rootdir: /home/mati/mur
configfile: pytest.ini
plugins: hypothesis-6.99.6, xdist-3.5.0
collected 1 item

test/test_rollingcountminsketch.py .                                     [100%]

============================== 1 passed in 0.54s ===============================
‚ñ∂Ô∏è  TEST_SEED=71
============================= test session starts ==============================
platform linux -- Python 3.12.3, pytest-8.0.0, pluggy-1.5.0
rootdir: /home/mati/mur
configfile: pytest.ini
plugins: hypothesis-6.99.6, xdist-3.5.0
collected 1 item

test/test_rollingcountminsketch.py .                                     [100%]

============================== 1 passed in 0.57s ===============================
‚ñ∂Ô∏è  TEST_SEED=72
============================= test session starts ==============================
platform linux -- Python 3.12.3, pytest-8.0.0, pluggy-1.5.0
rootdir: /home/mati/mur
configfile: pytest.ini
plugins: hypothesis-6.99.6, xdist-3.5.0
collected 1 item

test/test_rollingcountminsketch.py .                                     [100%]

============================== 1 passed in 0.53s ===============================
‚ñ∂Ô∏è  TEST_SEED=73
============================= test session starts ==============================
platform linux -- Python 3.12.3, pytest-8.0.0, pluggy-1.5.0
rootdir: /home/mati/mur
configfile: pytest.ini
plugins: hypothesis-6.99.6, xdist-3.5.0
collected 1 item

test/test_rollingcountminsketch.py .                                     [100%]

============================== 1 passed in 0.55s ===============================
‚ñ∂Ô∏è  TEST_SEED=74
============================= test session starts ==============================
platform linux -- Python 3.12.3, pytest-8.0.0, pluggy-1.5.0
rootdir: /home/mati/mur
configfile: pytest.ini
plugins: hypothesis-6.99.6, xdist-3.5.0
collected 1 item

test/test_rollingcountminsketch.py .                                     [100%]

============================== 1 passed in 0.55s ===============================
‚ñ∂Ô∏è  TEST_SEED=75
============================= test session starts ==============================
platform linux -- Python 3.12.3, pytest-8.0.0, pluggy-1.5.0
rootdir: /home/mati/mur
configfile: pytest.ini
plugins: hypothesis-6.99.6, xdist-3.5.0
collected 1 item

test/test_rollingcountminsketch.py .                                     [100%]

============================== 1 passed in 0.54s ===============================
‚ñ∂Ô∏è  TEST_SEED=76
============================= test session starts ==============================
platform linux -- Python 3.12.3, pytest-8.0.0, pluggy-1.5.0
rootdir: /home/mati/mur
configfile: pytest.ini
plugins: hypothesis-6.99.6, xdist-3.5.0
collected 1 item

test/test_rollingcountminsketch.py .                                     [100%]

============================== 1 passed in 0.53s ===============================
‚ñ∂Ô∏è  TEST_SEED=77
============================= test session starts ==============================
platform linux -- Python 3.12.3, pytest-8.0.0, pluggy-1.5.0
rootdir: /home/mati/mur
configfile: pytest.ini
plugins: hypothesis-6.99.6, xdist-3.5.0
collected 1 item

test/test_rollingcountminsketch.py .                                     [100%]

============================== 1 passed in 0.53s ===============================
‚ñ∂Ô∏è  TEST_SEED=78
============================= test session starts ==============================
platform linux -- Python 3.12.3, pytest-8.0.0, pluggy-1.5.0
rootdir: /home/mati/mur
configfile: pytest.ini
plugins: hypothesis-6.99.6, xdist-3.5.0
collected 1 item

test/test_rollingcountminsketch.py .                                     [100%]

============================== 1 passed in 0.54s ===============================
‚ñ∂Ô∏è  TEST_SEED=79
============================= test session starts ==============================
platform linux -- Python 3.12.3, pytest-8.0.0, pluggy-1.5.0
rootdir: /home/mati/mur
configfile: pytest.ini
plugins: hypothesis-6.99.6, xdist-3.5.0
collected 1 item

test/test_rollingcountminsketch.py .                                     [100%]

============================== 1 passed in 0.55s ===============================
‚ñ∂Ô∏è  TEST_SEED=80
============================= test session starts ==============================
platform linux -- Python 3.12.3, pytest-8.0.0, pluggy-1.5.0
rootdir: /home/mati/mur
configfile: pytest.ini
plugins: hypothesis-6.99.6, xdist-3.5.0
collected 1 item

test/test_rollingcountminsketch.py .                                     [100%]

============================== 1 passed in 0.57s ===============================
‚ñ∂Ô∏è  TEST_SEED=81
============================= test session starts ==============================
platform linux -- Python 3.12.3, pytest-8.0.0, pluggy-1.5.0
rootdir: /home/mati/mur
configfile: pytest.ini
plugins: hypothesis-6.99.6, xdist-3.5.0
collected 1 item

test/test_rollingcountminsketch.py .                                     [100%]

============================== 1 passed in 0.56s ===============================
‚ñ∂Ô∏è  TEST_SEED=82
============================= test session starts ==============================
platform linux -- Python 3.12.3, pytest-8.0.0, pluggy-1.5.0
rootdir: /home/mati/mur
configfile: pytest.ini
plugins: hypothesis-6.99.6, xdist-3.5.0
collected 1 item

test/test_rollingcountminsketch.py .                                     [100%]

============================== 1 passed in 0.55s ===============================
‚ñ∂Ô∏è  TEST_SEED=83
============================= test session starts ==============================
platform linux -- Python 3.12.3, pytest-8.0.0, pluggy-1.5.0
rootdir: /home/mati/mur
configfile: pytest.ini
plugins: hypothesis-6.99.6, xdist-3.5.0
collected 1 item

test/test_rollingcountminsketch.py .                                     [100%]

============================== 1 passed in 0.54s ===============================
‚ñ∂Ô∏è  TEST_SEED=84
============================= test session starts ==============================
platform linux -- Python 3.12.3, pytest-8.0.0, pluggy-1.5.0
rootdir: /home/mati/mur
configfile: pytest.ini
plugins: hypothesis-6.99.6, xdist-3.5.0
collected 1 item

test/test_rollingcountminsketch.py .                                     [100%]

============================== 1 passed in 0.55s ===============================
‚ñ∂Ô∏è  TEST_SEED=85
============================= test session starts ==============================
platform linux -- Python 3.12.3, pytest-8.0.0, pluggy-1.5.0
rootdir: /home/mati/mur
configfile: pytest.ini
plugins: hypothesis-6.99.6, xdist-3.5.0
collected 1 item

test/test_rollingcountminsketch.py .                                     [100%]

============================== 1 passed in 0.51s ===============================
‚ñ∂Ô∏è  TEST_SEED=86
============================= test session starts ==============================
platform linux -- Python 3.12.3, pytest-8.0.0, pluggy-1.5.0
rootdir: /home/mati/mur
configfile: pytest.ini
plugins: hypothesis-6.99.6, xdist-3.5.0
collected 1 item

test/test_rollingcountminsketch.py .                                     [100%]

============================== 1 passed in 0.53s ===============================
‚ñ∂Ô∏è  TEST_SEED=87
============================= test session starts ==============================
platform linux -- Python 3.12.3, pytest-8.0.0, pluggy-1.5.0
rootdir: /home/mati/mur
configfile: pytest.ini
plugins: hypothesis-6.99.6, xdist-3.5.0
collected 1 item

test/test_rollingcountminsketch.py .                                     [100%]

============================== 1 passed in 0.51s ===============================
‚ñ∂Ô∏è  TEST_SEED=88
============================= test session starts ==============================
platform linux -- Python 3.12.3, pytest-8.0.0, pluggy-1.5.0
rootdir: /home/mati/mur
configfile: pytest.ini
plugins: hypothesis-6.99.6, xdist-3.5.0
collected 1 item

test/test_rollingcountminsketch.py .                                     [100%]

============================== 1 passed in 0.53s ===============================
‚ñ∂Ô∏è  TEST_SEED=89
============================= test session starts ==============================
platform linux -- Python 3.12.3, pytest-8.0.0, pluggy-1.5.0
rootdir: /home/mati/mur
configfile: pytest.ini
plugins: hypothesis-6.99.6, xdist-3.5.0
collected 1 item

test/test_rollingcountminsketch.py .                                     [100%]

============================== 1 passed in 0.52s ===============================
‚ñ∂Ô∏è  TEST_SEED=90
============================= test session starts ==============================
platform linux -- Python 3.12.3, pytest-8.0.0, pluggy-1.5.0
rootdir: /home/mati/mur
configfile: pytest.ini
plugins: hypothesis-6.99.6, xdist-3.5.0
collected 1 item

test/test_rollingcountminsketch.py .                                     [100%]

============================== 1 passed in 0.51s ===============================
‚ñ∂Ô∏è  TEST_SEED=91
============================= test session starts ==============================
platform linux -- Python 3.12.3, pytest-8.0.0, pluggy-1.5.0
rootdir: /home/mati/mur
configfile: pytest.ini
plugins: hypothesis-6.99.6, xdist-3.5.0
collected 1 item

test/test_rollingcountminsketch.py .                                     [100%]

============================== 1 passed in 0.50s ===============================
‚ñ∂Ô∏è  TEST_SEED=92
============================= test session starts ==============================
platform linux -- Python 3.12.3, pytest-8.0.0, pluggy-1.5.0
rootdir: /home/mati/mur
configfile: pytest.ini
plugins: hypothesis-6.99.6, xdist-3.5.0
collected 1 item

test/test_rollingcountminsketch.py .                                     [100%]

============================== 1 passed in 0.54s ===============================
‚ñ∂Ô∏è  TEST_SEED=93
============================= test session starts ==============================
platform linux -- Python 3.12.3, pytest-8.0.0, pluggy-1.5.0
rootdir: /home/mati/mur
configfile: pytest.ini
plugins: hypothesis-6.99.6, xdist-3.5.0
collected 1 item

test/test_rollingcountminsketch.py .                                     [100%]

============================== 1 passed in 0.52s ===============================
‚ñ∂Ô∏è  TEST_SEED=94
============================= test session starts ==============================
platform linux -- Python 3.12.3, pytest-8.0.0, pluggy-1.5.0
rootdir: /home/mati/mur
configfile: pytest.ini
plugins: hypothesis-6.99.6, xdist-3.5.0
collected 1 item

test/test_rollingcountminsketch.py .                                     [100%]

============================== 1 passed in 0.52s ===============================
‚ñ∂Ô∏è  TEST_SEED=95
============================= test session starts ==============================
platform linux -- Python 3.12.3, pytest-8.0.0, pluggy-1.5.0
rootdir: /home/mati/mur
configfile: pytest.ini
plugins: hypothesis-6.99.6, xdist-3.5.0
collected 1 item

test/test_rollingcountminsketch.py .                                     [100%]

============================== 1 passed in 0.52s ===============================
‚ñ∂Ô∏è  TEST_SEED=96
============================= test session starts ==============================
platform linux -- Python 3.12.3, pytest-8.0.0, pluggy-1.5.0
rootdir: /home/mati/mur
configfile: pytest.ini
plugins: hypothesis-6.99.6, xdist-3.5.0
collected 1 item

test/test_rollingcountminsketch.py .                                     [100%]

============================== 1 passed in 0.54s ===============================
‚ñ∂Ô∏è  TEST_SEED=97
============================= test session starts ==============================
platform linux -- Python 3.12.3, pytest-8.0.0, pluggy-1.5.0
rootdir: /home/mati/mur
configfile: pytest.ini
plugins: hypothesis-6.99.6, xdist-3.5.0
collected 1 item

test/test_rollingcountminsketch.py .                                     [100%]

============================== 1 passed in 0.52s ===============================
‚ñ∂Ô∏è  TEST_SEED=98
============================= test session starts ==============================
platform linux -- Python 3.12.3, pytest-8.0.0, pluggy-1.5.0
rootdir: /home/mati/mur
configfile: pytest.ini
plugins: hypothesis-6.99.6, xdist-3.5.0
collected 1 item

test/test_rollingcountminsketch.py .                                     [100%]

============================== 1 passed in 0.52s ===============================
‚ñ∂Ô∏è  TEST_SEED=99
============================= test session starts ==============================
platform linux -- Python 3.12.3, pytest-8.0.0, pluggy-1.5.0
rootdir: /home/mati/mur
configfile: pytest.ini
plugins: hypothesis-6.99.6, xdist-3.5.0
collected 1 item

test/test_rollingcountminsketch.py .                                     [100%]

============================== 1 passed in 0.51s ===============================
‚ñ∂Ô∏è  TEST_SEED=100
============================= test session starts ==============================
platform linux -- Python 3.12.3, pytest-8.0.0, pluggy-1.5.0
rootdir: /home/mati/mur
configfile: pytest.ini
plugins: hypothesis-6.99.6, xdist-3.5.0
collected 1 item

test/test_rollingcountminsketch.py .                                     [100%]

============================== 1 passed in 0.51s ===============================
‚ñ∂Ô∏è  TEST_SEED=101
============================= test session starts ==============================
platform linux -- Python 3.12.3, pytest-8.0.0, pluggy-1.5.0
rootdir: /home/mati/mur
configfile: pytest.ini
plugins: hypothesis-6.99.6, xdist-3.5.0
collected 1 item

test/test_rollingcountminsketch.py .                                     [100%]

============================== 1 passed in 0.53s ===============================
‚ñ∂Ô∏è  TEST_SEED=102
============================= test session starts ==============================
platform linux -- Python 3.12.3, pytest-8.0.0, pluggy-1.5.0
rootdir: /home/mati/mur
configfile: pytest.ini
plugins: hypothesis-6.99.6, xdist-3.5.0
collected 1 item

test/test_rollingcountminsketch.py .                                     [100%]

============================== 1 passed in 0.53s ===============================
‚ñ∂Ô∏è  TEST_SEED=103
============================= test session starts ==============================
platform linux -- Python 3.12.3, pytest-8.0.0, pluggy-1.5.0
rootdir: /home/mati/mur
configfile: pytest.ini
plugins: hypothesis-6.99.6, xdist-3.5.0
collected 1 item

test/test_rollingcountminsketch.py .                                     [100%]

============================== 1 passed in 0.51s ===============================
‚ñ∂Ô∏è  TEST_SEED=104
============================= test session starts ==============================
platform linux -- Python 3.12.3, pytest-8.0.0, pluggy-1.5.0
rootdir: /home/mati/mur
configfile: pytest.ini
plugins: hypothesis-6.99.6, xdist-3.5.0
collected 1 item

test/test_rollingcountminsketch.py .                                     [100%]

============================== 1 passed in 0.53s ===============================
‚ñ∂Ô∏è  TEST_SEED=105
============================= test session starts ==============================
platform linux -- Python 3.12.3, pytest-8.0.0, pluggy-1.5.0
rootdir: /home/mati/mur
configfile: pytest.ini
plugins: hypothesis-6.99.6, xdist-3.5.0
collected 1 item

test/test_rollingcountminsketch.py .                                     [100%]

============================== 1 passed in 0.52s ===============================
‚ñ∂Ô∏è  TEST_SEED=106
============================= test session starts ==============================
platform linux -- Python 3.12.3, pytest-8.0.0, pluggy-1.5.0
rootdir: /home/mati/mur
configfile: pytest.ini
plugins: hypothesis-6.99.6, xdist-3.5.0
collected 1 item

test/test_rollingcountminsketch.py .                                     [100%]

============================== 1 passed in 0.53s ===============================
‚ñ∂Ô∏è  TEST_SEED=107
============================= test session starts ==============================
platform linux -- Python 3.12.3, pytest-8.0.0, pluggy-1.5.0
rootdir: /home/mati/mur
configfile: pytest.ini
plugins: hypothesis-6.99.6, xdist-3.5.0
collected 1 item

test/test_rollingcountminsketch.py .                                     [100%]

============================== 1 passed in 0.51s ===============================
‚ñ∂Ô∏è  TEST_SEED=108
============================= test session starts ==============================
platform linux -- Python 3.12.3, pytest-8.0.0, pluggy-1.5.0
rootdir: /home/mati/mur
configfile: pytest.ini
plugins: hypothesis-6.99.6, xdist-3.5.0
collected 1 item

test/test_rollingcountminsketch.py .                                     [100%]

============================== 1 passed in 0.52s ===============================
‚ñ∂Ô∏è  TEST_SEED=109
============================= test session starts ==============================
platform linux -- Python 3.12.3, pytest-8.0.0, pluggy-1.5.0
rootdir: /home/mati/mur
configfile: pytest.ini
plugins: hypothesis-6.99.6, xdist-3.5.0
collected 1 item

test/test_rollingcountminsketch.py .                                     [100%]

============================== 1 passed in 0.51s ===============================
‚ñ∂Ô∏è  TEST_SEED=110
============================= test session starts ==============================
platform linux -- Python 3.12.3, pytest-8.0.0, pluggy-1.5.0
rootdir: /home/mati/mur
configfile: pytest.ini
plugins: hypothesis-6.99.6, xdist-3.5.0
collected 1 item

test/test_rollingcountminsketch.py .                                     [100%]

============================== 1 passed in 0.53s ===============================
‚ñ∂Ô∏è  TEST_SEED=111
============================= test session starts ==============================
platform linux -- Python 3.12.3, pytest-8.0.0, pluggy-1.5.0
rootdir: /home/mati/mur
configfile: pytest.ini
plugins: hypothesis-6.99.6, xdist-3.5.0
collected 1 item

test/test_rollingcountminsketch.py .                                     [100%]

============================== 1 passed in 0.51s ===============================
‚ñ∂Ô∏è  TEST_SEED=112
============================= test session starts ==============================
platform linux -- Python 3.12.3, pytest-8.0.0, pluggy-1.5.0
rootdir: /home/mati/mur
configfile: pytest.ini
plugins: hypothesis-6.99.6, xdist-3.5.0
collected 1 item

test/test_rollingcountminsketch.py .                                     [100%]

============================== 1 passed in 0.52s ===============================
‚ñ∂Ô∏è  TEST_SEED=113
============================= test session starts ==============================
platform linux -- Python 3.12.3, pytest-8.0.0, pluggy-1.5.0
rootdir: /home/mati/mur
configfile: pytest.ini
plugins: hypothesis-6.99.6, xdist-3.5.0
collected 1 item

test/test_rollingcountminsketch.py .                                     [100%]

============================== 1 passed in 0.52s ===============================
‚ñ∂Ô∏è  TEST_SEED=114
============================= test session starts ==============================
platform linux -- Python 3.12.3, pytest-8.0.0, pluggy-1.5.0
rootdir: /home/mati/mur
configfile: pytest.ini
plugins: hypothesis-6.99.6, xdist-3.5.0
collected 1 item

test/test_rollingcountminsketch.py .                                     [100%]

============================== 1 passed in 0.52s ===============================
‚ñ∂Ô∏è  TEST_SEED=115
============================= test session starts ==============================
platform linux -- Python 3.12.3, pytest-8.0.0, pluggy-1.5.0
rootdir: /home/mati/mur
configfile: pytest.ini
plugins: hypothesis-6.99.6, xdist-3.5.0
collected 1 item

test/test_rollingcountminsketch.py .                                     [100%]

============================== 1 passed in 0.53s ===============================
‚ñ∂Ô∏è  TEST_SEED=116
============================= test session starts ==============================
platform linux -- Python 3.12.3, pytest-8.0.0, pluggy-1.5.0
rootdir: /home/mati/mur
configfile: pytest.ini
plugins: hypothesis-6.99.6, xdist-3.5.0
collected 1 item

test/test_rollingcountminsketch.py .                                     [100%]

============================== 1 passed in 0.51s ===============================
‚ñ∂Ô∏è  TEST_SEED=117
============================= test session starts ==============================
platform linux -- Python 3.12.3, pytest-8.0.0, pluggy-1.5.0
rootdir: /home/mati/mur
configfile: pytest.ini
plugins: hypothesis-6.99.6, xdist-3.5.0
collected 1 item

test/test_rollingcountminsketch.py .                                     [100%]

============================== 1 passed in 0.53s ===============================
‚ñ∂Ô∏è  TEST_SEED=118
============================= test session starts ==============================
platform linux -- Python 3.12.3, pytest-8.0.0, pluggy-1.5.0
rootdir: /home/mati/mur
configfile: pytest.ini
plugins: hypothesis-6.99.6, xdist-3.5.0
collected 1 item

test/test_rollingcountminsketch.py .                                     [100%]

============================== 1 passed in 0.51s ===============================
‚ñ∂Ô∏è  TEST_SEED=119
============================= test session starts ==============================
platform linux -- Python 3.12.3, pytest-8.0.0, pluggy-1.5.0
rootdir: /home/mati/mur
configfile: pytest.ini
plugins: hypothesis-6.99.6, xdist-3.5.0
collected 1 item

test/test_rollingcountminsketch.py .                                     [100%]

============================== 1 passed in 0.53s ===============================
‚ñ∂Ô∏è  TEST_SEED=120
============================= test session starts ==============================
platform linux -- Python 3.12.3, pytest-8.0.0, pluggy-1.5.0
rootdir: /home/mati/mur
configfile: pytest.ini
plugins: hypothesis-6.99.6, xdist-3.5.0
collected 1 item

test/test_rollingcountminsketch.py .                                     [100%]

============================== 1 passed in 0.52s ===============================
‚ñ∂Ô∏è  TEST_SEED=121
============================= test session starts ==============================
platform linux -- Python 3.12.3, pytest-8.0.0, pluggy-1.5.0
rootdir: /home/mati/mur
configfile: pytest.ini
plugins: hypothesis-6.99.6, xdist-3.5.0
collected 1 item

test/test_rollingcountminsketch.py .                                     [100%]

============================== 1 passed in 0.52s ===============================
‚ñ∂Ô∏è  TEST_SEED=122
============================= test session starts ==============================
platform linux -- Python 3.12.3, pytest-8.0.0, pluggy-1.5.0
rootdir: /home/mati/mur
configfile: pytest.ini
plugins: hypothesis-6.99.6, xdist-3.5.0
collected 1 item

test/test_rollingcountminsketch.py .                                     [100%]

============================== 1 passed in 0.51s ===============================
‚ñ∂Ô∏è  TEST_SEED=123
============================= test session starts ==============================
platform linux -- Python 3.12.3, pytest-8.0.0, pluggy-1.5.0
rootdir: /home/mati/mur
configfile: pytest.ini
plugins: hypothesis-6.99.6, xdist-3.5.0
collected 1 item

test/test_rollingcountminsketch.py .                                     [100%]

============================== 1 passed in 0.53s ===============================
‚ñ∂Ô∏è  TEST_SEED=124
============================= test session starts ==============================
platform linux -- Python 3.12.3, pytest-8.0.0, pluggy-1.5.0
rootdir: /home/mati/mur
configfile: pytest.ini
plugins: hypothesis-6.99.6, xdist-3.5.0
collected 1 item

test/test_rollingcountminsketch.py .                                     [100%]

============================== 1 passed in 0.50s ===============================
‚ñ∂Ô∏è  TEST_SEED=125
============================= test session starts ==============================
platform linux -- Python 3.12.3, pytest-8.0.0, pluggy-1.5.0
rootdir: /home/mati/mur
configfile: pytest.ini
plugins: hypothesis-6.99.6, xdist-3.5.0
collected 1 item

test/test_rollingcountminsketch.py .                                     [100%]

============================== 1 passed in 0.51s ===============================
‚ñ∂Ô∏è  TEST_SEED=126
============================= test session starts ==============================
platform linux -- Python 3.12.3, pytest-8.0.0, pluggy-1.5.0
rootdir: /home/mati/mur
configfile: pytest.ini
plugins: hypothesis-6.99.6, xdist-3.5.0
collected 1 item

test/test_rollingcountminsketch.py .                                     [100%]

============================== 1 passed in 0.56s ===============================
‚ñ∂Ô∏è  TEST_SEED=127
============================= test session starts ==============================
platform linux -- Python 3.12.3, pytest-8.0.0, pluggy-1.5.0
rootdir: /home/mati/mur
configfile: pytest.ini
plugins: hypothesis-6.99.6, xdist-3.5.0
collected 1 item

test/test_rollingcountminsketch.py .                                     [100%]

============================== 1 passed in 0.51s ===============================
‚ñ∂Ô∏è  TEST_SEED=128
============================= test session starts ==============================
platform linux -- Python 3.12.3, pytest-8.0.0, pluggy-1.5.0
rootdir: /home/mati/mur
configfile: pytest.ini
plugins: hypothesis-6.99.6, xdist-3.5.0
collected 1 item

test/test_rollingcountminsketch.py .                                     [100%]

============================== 1 passed in 0.51s ===============================
‚ñ∂Ô∏è  TEST_SEED=129
============================= test session starts ==============================
platform linux -- Python 3.12.3, pytest-8.0.0, pluggy-1.5.0
rootdir: /home/mati/mur
configfile: pytest.ini
plugins: hypothesis-6.99.6, xdist-3.5.0
collected 1 item

test/test_rollingcountminsketch.py .                                     [100%]

============================== 1 passed in 0.51s ===============================
‚ñ∂Ô∏è  TEST_SEED=130
============================= test session starts ==============================
platform linux -- Python 3.12.3, pytest-8.0.0, pluggy-1.5.0
rootdir: /home/mati/mur
configfile: pytest.ini
plugins: hypothesis-6.99.6, xdist-3.5.0
collected 1 item

test/test_rollingcountminsketch.py .                                     [100%]

============================== 1 passed in 0.53s ===============================
‚ñ∂Ô∏è  TEST_SEED=131
============================= test session starts ==============================
platform linux -- Python 3.12.3, pytest-8.0.0, pluggy-1.5.0
rootdir: /home/mati/mur
configfile: pytest.ini
plugins: hypothesis-6.99.6, xdist-3.5.0
collected 1 item

test/test_rollingcountminsketch.py .                                     [100%]

============================== 1 passed in 0.54s ===============================
‚ñ∂Ô∏è  TEST_SEED=132
============================= test session starts ==============================
platform linux -- Python 3.12.3, pytest-8.0.0, pluggy-1.5.0
rootdir: /home/mati/mur
configfile: pytest.ini
plugins: hypothesis-6.99.6, xdist-3.5.0
collected 1 item

test/test_rollingcountminsketch.py .                                     [100%]

============================== 1 passed in 0.51s ===============================
‚ñ∂Ô∏è  TEST_SEED=133
============================= test session starts ==============================
platform linux -- Python 3.12.3, pytest-8.0.0, pluggy-1.5.0
rootdir: /home/mati/mur
configfile: pytest.ini
plugins: hypothesis-6.99.6, xdist-3.5.0
collected 1 item

test/test_rollingcountminsketch.py .                                     [100%]

============================== 1 passed in 0.52s ===============================
‚ñ∂Ô∏è  TEST_SEED=134
============================= test session starts ==============================
platform linux -- Python 3.12.3, pytest-8.0.0, pluggy-1.5.0
rootdir: /home/mati/mur
configfile: pytest.ini
plugins: hypothesis-6.99.6, xdist-3.5.0
collected 1 item

test/test_rollingcountminsketch.py .                                     [100%]

============================== 1 passed in 0.52s ===============================
‚ñ∂Ô∏è  TEST_SEED=135
============================= test session starts ==============================
platform linux -- Python 3.12.3, pytest-8.0.0, pluggy-1.5.0
rootdir: /home/mati/mur
configfile: pytest.ini
plugins: hypothesis-6.99.6, xdist-3.5.0
collected 1 item

test/test_rollingcountminsketch.py .                                     [100%]

============================== 1 passed in 0.54s ===============================
‚ñ∂Ô∏è  TEST_SEED=136
============================= test session starts ==============================
platform linux -- Python 3.12.3, pytest-8.0.0, pluggy-1.5.0
rootdir: /home/mati/mur
configfile: pytest.ini
plugins: hypothesis-6.99.6, xdist-3.5.0
collected 1 item

test/test_rollingcountminsketch.py .                                     [100%]

============================== 1 passed in 0.54s ===============================
‚ñ∂Ô∏è  TEST_SEED=137
============================= test session starts ==============================
platform linux -- Python 3.12.3, pytest-8.0.0, pluggy-1.5.0
rootdir: /home/mati/mur
configfile: pytest.ini
plugins: hypothesis-6.99.6, xdist-3.5.0
collected 1 item

test/test_rollingcountminsketch.py .                                     [100%]

============================== 1 passed in 0.53s ===============================
‚ñ∂Ô∏è  TEST_SEED=138
============================= test session starts ==============================
platform linux -- Python 3.12.3, pytest-8.0.0, pluggy-1.5.0
rootdir: /home/mati/mur
configfile: pytest.ini
plugins: hypothesis-6.99.6, xdist-3.5.0
collected 1 item

test/test_rollingcountminsketch.py .                                     [100%]

============================== 1 passed in 0.52s ===============================
‚ñ∂Ô∏è  TEST_SEED=139
============================= test session starts ==============================
platform linux -- Python 3.12.3, pytest-8.0.0, pluggy-1.5.0
rootdir: /home/mati/mur
configfile: pytest.ini
plugins: hypothesis-6.99.6, xdist-3.5.0
collected 1 item

test/test_rollingcountminsketch.py .                                     [100%]

============================== 1 passed in 0.51s ===============================
‚ñ∂Ô∏è  TEST_SEED=140
============================= test session starts ==============================
platform linux -- Python 3.12.3, pytest-8.0.0, pluggy-1.5.0
rootdir: /home/mati/mur
configfile: pytest.ini
plugins: hypothesis-6.99.6, xdist-3.5.0
collected 1 item

test/test_rollingcountminsketch.py .                                     [100%]

============================== 1 passed in 0.56s ===============================
‚ñ∂Ô∏è  TEST_SEED=141
============================= test session starts ==============================
platform linux -- Python 3.12.3, pytest-8.0.0, pluggy-1.5.0
rootdir: /home/mati/mur
configfile: pytest.ini
plugins: hypothesis-6.99.6, xdist-3.5.0
collected 1 item

test/test_rollingcountminsketch.py .                                     [100%]

============================== 1 passed in 0.52s ===============================
‚ñ∂Ô∏è  TEST_SEED=142
============================= test session starts ==============================
platform linux -- Python 3.12.3, pytest-8.0.0, pluggy-1.5.0
rootdir: /home/mati/mur
configfile: pytest.ini
plugins: hypothesis-6.99.6, xdist-3.5.0
collected 1 item

test/test_rollingcountminsketch.py .                                     [100%]

============================== 1 passed in 0.53s ===============================
‚ñ∂Ô∏è  TEST_SEED=143
============================= test session starts ==============================
platform linux -- Python 3.12.3, pytest-8.0.0, pluggy-1.5.0
rootdir: /home/mati/mur
configfile: pytest.ini
plugins: hypothesis-6.99.6, xdist-3.5.0
collected 1 item

test/test_rollingcountminsketch.py .                                     [100%]

============================== 1 passed in 0.53s ===============================
‚ñ∂Ô∏è  TEST_SEED=144
============================= test session starts ==============================
platform linux -- Python 3.12.3, pytest-8.0.0, pluggy-1.5.0
rootdir: /home/mati/mur
configfile: pytest.ini
plugins: hypothesis-6.99.6, xdist-3.5.0
collected 1 item

test/test_rollingcountminsketch.py .                                     [100%]

============================== 1 passed in 0.51s ===============================
‚ñ∂Ô∏è  TEST_SEED=145
============================= test session starts ==============================
platform linux -- Python 3.12.3, pytest-8.0.0, pluggy-1.5.0
rootdir: /home/mati/mur
configfile: pytest.ini
plugins: hypothesis-6.99.6, xdist-3.5.0
collected 1 item

test/test_rollingcountminsketch.py .                                     [100%]

============================== 1 passed in 0.52s ===============================
‚ñ∂Ô∏è  TEST_SEED=146
============================= test session starts ==============================
platform linux -- Python 3.12.3, pytest-8.0.0, pluggy-1.5.0
rootdir: /home/mati/mur
configfile: pytest.ini
plugins: hypothesis-6.99.6, xdist-3.5.0
collected 1 item

test/test_rollingcountminsketch.py .                                     [100%]

============================== 1 passed in 0.54s ===============================
‚ñ∂Ô∏è  TEST_SEED=147
============================= test session starts ==============================
platform linux -- Python 3.12.3, pytest-8.0.0, pluggy-1.5.0
rootdir: /home/mati/mur
configfile: pytest.ini
plugins: hypothesis-6.99.6, xdist-3.5.0
collected 1 item

test/test_rollingcountminsketch.py .                                     [100%]

============================== 1 passed in 0.53s ===============================
‚ñ∂Ô∏è  TEST_SEED=148
============================= test session starts ==============================
platform linux -- Python 3.12.3, pytest-8.0.0, pluggy-1.5.0
rootdir: /home/mati/mur
configfile: pytest.ini
plugins: hypothesis-6.99.6, xdist-3.5.0
collected 1 item

test/test_rollingcountminsketch.py .                                     [100%]

============================== 1 passed in 0.53s ===============================
‚ñ∂Ô∏è  TEST_SEED=149
============================= test session starts ==============================
platform linux -- Python 3.12.3, pytest-8.0.0, pluggy-1.5.0
rootdir: /home/mati/mur
configfile: pytest.ini
plugins: hypothesis-6.99.6, xdist-3.5.0
collected 1 item

test/test_rollingcountminsketch.py .                                     [100%]

============================== 1 passed in 0.55s ===============================
‚ñ∂Ô∏è  TEST_SEED=150
============================= test session starts ==============================
platform linux -- Python 3.12.3, pytest-8.0.0, pluggy-1.5.0
rootdir: /home/mati/mur
configfile: pytest.ini
plugins: hypothesis-6.99.6, xdist-3.5.0
collected 1 item

test/test_rollingcountminsketch.py .                                     [100%]

============================== 1 passed in 0.53s ===============================
‚ñ∂Ô∏è  TEST_SEED=151
============================= test session starts ==============================
platform linux -- Python 3.12.3, pytest-8.0.0, pluggy-1.5.0
rootdir: /home/mati/mur
configfile: pytest.ini
plugins: hypothesis-6.99.6, xdist-3.5.0
collected 1 item

test/test_rollingcountminsketch.py .                                     [100%]

============================== 1 passed in 0.53s ===============================
‚ñ∂Ô∏è  TEST_SEED=152
============================= test session starts ==============================
platform linux -- Python 3.12.3, pytest-8.0.0, pluggy-1.5.0
rootdir: /home/mati/mur
configfile: pytest.ini
plugins: hypothesis-6.99.6, xdist-3.5.0
collected 1 item

test/test_rollingcountminsketch.py .                                     [100%]

============================== 1 passed in 0.53s ===============================
‚ñ∂Ô∏è  TEST_SEED=153
============================= test session starts ==============================
platform linux -- Python 3.12.3, pytest-8.0.0, pluggy-1.5.0
rootdir: /home/mati/mur
configfile: pytest.ini
plugins: hypothesis-6.99.6, xdist-3.5.0
collected 1 item

test/test_rollingcountminsketch.py .                                     [100%]

============================== 1 passed in 0.53s ===============================
‚ñ∂Ô∏è  TEST_SEED=154
============================= test session starts ==============================
platform linux -- Python 3.12.3, pytest-8.0.0, pluggy-1.5.0
rootdir: /home/mati/mur
configfile: pytest.ini
plugins: hypothesis-6.99.6, xdist-3.5.0
collected 1 item

test/test_rollingcountminsketch.py .                                     [100%]

============================== 1 passed in 0.53s ===============================
‚ñ∂Ô∏è  TEST_SEED=155
============================= test session starts ==============================
platform linux -- Python 3.12.3, pytest-8.0.0, pluggy-1.5.0
rootdir: /home/mati/mur
configfile: pytest.ini
plugins: hypothesis-6.99.6, xdist-3.5.0
collected 1 item

test/test_rollingcountminsketch.py .                                     [100%]

============================== 1 passed in 0.53s ===============================
‚ñ∂Ô∏è  TEST_SEED=156
============================= test session starts ==============================
platform linux -- Python 3.12.3, pytest-8.0.0, pluggy-1.5.0
rootdir: /home/mati/mur
configfile: pytest.ini
plugins: hypothesis-6.99.6, xdist-3.5.0
collected 1 item

test/test_rollingcountminsketch.py .                                     [100%]

============================== 1 passed in 0.53s ===============================
‚ñ∂Ô∏è  TEST_SEED=157
============================= test session starts ==============================
platform linux -- Python 3.12.3, pytest-8.0.0, pluggy-1.5.0
rootdir: /home/mati/mur
configfile: pytest.ini
plugins: hypothesis-6.99.6, xdist-3.5.0
collected 1 item

test/test_rollingcountminsketch.py .                                     [100%]

============================== 1 passed in 0.54s ===============================
‚ñ∂Ô∏è  TEST_SEED=158
============================= test session starts ==============================
platform linux -- Python 3.12.3, pytest-8.0.0, pluggy-1.5.0
rootdir: /home/mati/mur
configfile: pytest.ini
plugins: hypothesis-6.99.6, xdist-3.5.0
collected 1 item

test/test_rollingcountminsketch.py .                                     [100%]

============================== 1 passed in 0.54s ===============================
‚ñ∂Ô∏è  TEST_SEED=159
============================= test session starts ==============================
platform linux -- Python 3.12.3, pytest-8.0.0, pluggy-1.5.0
rootdir: /home/mati/mur
configfile: pytest.ini
plugins: hypothesis-6.99.6, xdist-3.5.0
collected 1 item

test/test_rollingcountminsketch.py .                                     [100%]

============================== 1 passed in 0.52s ===============================
‚ñ∂Ô∏è  TEST_SEED=160
============================= test session starts ==============================
platform linux -- Python 3.12.3, pytest-8.0.0, pluggy-1.5.0
rootdir: /home/mati/mur
configfile: pytest.ini
plugins: hypothesis-6.99.6, xdist-3.5.0
collected 1 item

test/test_rollingcountminsketch.py .                                     [100%]

============================== 1 passed in 0.53s ===============================
‚ñ∂Ô∏è  TEST_SEED=161
============================= test session starts ==============================
platform linux -- Python 3.12.3, pytest-8.0.0, pluggy-1.5.0
rootdir: /home/mati/mur
configfile: pytest.ini
plugins: hypothesis-6.99.6, xdist-3.5.0
collected 1 item

test/test_rollingcountminsketch.py .                                     [100%]

============================== 1 passed in 0.53s ===============================
‚ñ∂Ô∏è  TEST_SEED=162
============================= test session starts ==============================
platform linux -- Python 3.12.3, pytest-8.0.0, pluggy-1.5.0
rootdir: /home/mati/mur
configfile: pytest.ini
plugins: hypothesis-6.99.6, xdist-3.5.0
collected 1 item

test/test_rollingcountminsketch.py .                                     [100%]

============================== 1 passed in 0.52s ===============================
‚ñ∂Ô∏è  TEST_SEED=163
============================= test session starts ==============================
platform linux -- Python 3.12.3, pytest-8.0.0, pluggy-1.5.0
rootdir: /home/mati/mur
configfile: pytest.ini
plugins: hypothesis-6.99.6, xdist-3.5.0
collected 1 item

test/test_rollingcountminsketch.py .                                     [100%]

============================== 1 passed in 0.52s ===============================
‚ñ∂Ô∏è  TEST_SEED=164
============================= test session starts ==============================
platform linux -- Python 3.12.3, pytest-8.0.0, pluggy-1.5.0
rootdir: /home/mati/mur
configfile: pytest.ini
plugins: hypothesis-6.99.6, xdist-3.5.0
collected 1 item

test/test_rollingcountminsketch.py .                                     [100%]

============================== 1 passed in 0.51s ===============================
‚ñ∂Ô∏è  TEST_SEED=165
============================= test session starts ==============================
platform linux -- Python 3.12.3, pytest-8.0.0, pluggy-1.5.0
rootdir: /home/mati/mur
configfile: pytest.ini
plugins: hypothesis-6.99.6, xdist-3.5.0
collected 1 item

test/test_rollingcountminsketch.py .                                     [100%]

============================== 1 passed in 0.52s ===============================
‚ñ∂Ô∏è  TEST_SEED=166
============================= test session starts ==============================
platform linux -- Python 3.12.3, pytest-8.0.0, pluggy-1.5.0
rootdir: /home/mati/mur
configfile: pytest.ini
plugins: hypothesis-6.99.6, xdist-3.5.0
collected 1 item

test/test_rollingcountminsketch.py .                                     [100%]

============================== 1 passed in 0.51s ===============================
‚ñ∂Ô∏è  TEST_SEED=167
============================= test session starts ==============================
platform linux -- Python 3.12.3, pytest-8.0.0, pluggy-1.5.0
rootdir: /home/mati/mur
configfile: pytest.ini
plugins: hypothesis-6.99.6, xdist-3.5.0
collected 1 item

test/test_rollingcountminsketch.py .                                     [100%]

============================== 1 passed in 0.52s ===============================
‚ñ∂Ô∏è  TEST_SEED=168
============================= test session starts ==============================
platform linux -- Python 3.12.3, pytest-8.0.0, pluggy-1.5.0
rootdir: /home/mati/mur
configfile: pytest.ini
plugins: hypothesis-6.99.6, xdist-3.5.0
collected 1 item

test/test_rollingcountminsketch.py .                                     [100%]

============================== 1 passed in 0.53s ===============================
‚ñ∂Ô∏è  TEST_SEED=169
============================= test session starts ==============================
platform linux -- Python 3.12.3, pytest-8.0.0, pluggy-1.5.0
rootdir: /home/mati/mur
configfile: pytest.ini
plugins: hypothesis-6.99.6, xdist-3.5.0
collected 1 item

test/test_rollingcountminsketch.py .                                     [100%]

============================== 1 passed in 0.53s ===============================
‚ñ∂Ô∏è  TEST_SEED=170
============================= test session starts ==============================
platform linux -- Python 3.12.3, pytest-8.0.0, pluggy-1.5.0
rootdir: /home/mati/mur
configfile: pytest.ini
plugins: hypothesis-6.99.6, xdist-3.5.0
collected 1 item

test/test_rollingcountminsketch.py .                                     [100%]

============================== 1 passed in 0.52s ===============================
‚ñ∂Ô∏è  TEST_SEED=171
============================= test session starts ==============================
platform linux -- Python 3.12.3, pytest-8.0.0, pluggy-1.5.0
rootdir: /home/mati/mur
configfile: pytest.ini
plugins: hypothesis-6.99.6, xdist-3.5.0
collected 1 item

test/test_rollingcountminsketch.py .                                     [100%]

============================== 1 passed in 0.51s ===============================
‚ñ∂Ô∏è  TEST_SEED=172
============================= test session starts ==============================
platform linux -- Python 3.12.3, pytest-8.0.0, pluggy-1.5.0
rootdir: /home/mati/mur
configfile: pytest.ini
plugins: hypothesis-6.99.6, xdist-3.5.0
collected 1 item

test/test_rollingcountminsketch.py .                                     [100%]

============================== 1 passed in 0.53s ===============================
‚ñ∂Ô∏è  TEST_SEED=173
============================= test session starts ==============================
platform linux -- Python 3.12.3, pytest-8.0.0, pluggy-1.5.0
rootdir: /home/mati/mur
configfile: pytest.ini
plugins: hypothesis-6.99.6, xdist-3.5.0
collected 1 item

test/test_rollingcountminsketch.py .                                     [100%]

============================== 1 passed in 0.52s ===============================
‚ñ∂Ô∏è  TEST_SEED=174
============================= test session starts ==============================
platform linux -- Python 3.12.3, pytest-8.0.0, pluggy-1.5.0
rootdir: /home/mati/mur
configfile: pytest.ini
plugins: hypothesis-6.99.6, xdist-3.5.0
collected 1 item

test/test_rollingcountminsketch.py .                                     [100%]

============================== 1 passed in 0.53s ===============================
‚ñ∂Ô∏è  TEST_SEED=175
============================= test session starts ==============================
platform linux -- Python 3.12.3, pytest-8.0.0, pluggy-1.5.0
rootdir: /home/mati/mur
configfile: pytest.ini
plugins: hypothesis-6.99.6, xdist-3.5.0
collected 1 item

test/test_rollingcountminsketch.py .                                     [100%]

============================== 1 passed in 0.51s ===============================
‚ñ∂Ô∏è  TEST_SEED=176
============================= test session starts ==============================
platform linux -- Python 3.12.3, pytest-8.0.0, pluggy-1.5.0
rootdir: /home/mati/mur
configfile: pytest.ini
plugins: hypothesis-6.99.6, xdist-3.5.0
collected 1 item

test/test_rollingcountminsketch.py .                                     [100%]

============================== 1 passed in 0.54s ===============================
‚ñ∂Ô∏è  TEST_SEED=177
============================= test session starts ==============================
platform linux -- Python 3.12.3, pytest-8.0.0, pluggy-1.5.0
rootdir: /home/mati/mur
configfile: pytest.ini
plugins: hypothesis-6.99.6, xdist-3.5.0
collected 1 item

test/test_rollingcountminsketch.py .                                     [100%]

============================== 1 passed in 0.53s ===============================
‚ñ∂Ô∏è  TEST_SEED=178
============================= test session starts ==============================
platform linux -- Python 3.12.3, pytest-8.0.0, pluggy-1.5.0
rootdir: /home/mati/mur
configfile: pytest.ini
plugins: hypothesis-6.99.6, xdist-3.5.0
collected 1 item

test/test_rollingcountminsketch.py .                                     [100%]

============================== 1 passed in 0.53s ===============================
‚ñ∂Ô∏è  TEST_SEED=179
============================= test session starts ==============================
platform linux -- Python 3.12.3, pytest-8.0.0, pluggy-1.5.0
rootdir: /home/mati/mur
configfile: pytest.ini
plugins: hypothesis-6.99.6, xdist-3.5.0
collected 1 item

test/test_rollingcountminsketch.py .                                     [100%]

============================== 1 passed in 0.54s ===============================
‚ñ∂Ô∏è  TEST_SEED=180
============================= test session starts ==============================
platform linux -- Python 3.12.3, pytest-8.0.0, pluggy-1.5.0
rootdir: /home/mati/mur
configfile: pytest.ini
plugins: hypothesis-6.99.6, xdist-3.5.0
collected 1 item

test/test_rollingcountminsketch.py .                                     [100%]

============================== 1 passed in 0.52s ===============================
‚ñ∂Ô∏è  TEST_SEED=181
============================= test session starts ==============================
platform linux -- Python 3.12.3, pytest-8.0.0, pluggy-1.5.0
rootdir: /home/mati/mur
configfile: pytest.ini
plugins: hypothesis-6.99.6, xdist-3.5.0
collected 1 item

test/test_rollingcountminsketch.py .                                     [100%]

============================== 1 passed in 0.53s ===============================
‚ñ∂Ô∏è  TEST_SEED=182
============================= test session starts ==============================
platform linux -- Python 3.12.3, pytest-8.0.0, pluggy-1.5.0
rootdir: /home/mati/mur
configfile: pytest.ini
plugins: hypothesis-6.99.6, xdist-3.5.0
collected 1 item

test/test_rollingcountminsketch.py .                                     [100%]

============================== 1 passed in 0.52s ===============================
‚ñ∂Ô∏è  TEST_SEED=183
============================= test session starts ==============================
platform linux -- Python 3.12.3, pytest-8.0.0, pluggy-1.5.0
rootdir: /home/mati/mur
configfile: pytest.ini
plugins: hypothesis-6.99.6, xdist-3.5.0
collected 1 item

test/test_rollingcountminsketch.py .                                     [100%]

============================== 1 passed in 0.53s ===============================
‚ñ∂Ô∏è  TEST_SEED=184
============================= test session starts ==============================
platform linux -- Python 3.12.3, pytest-8.0.0, pluggy-1.5.0
rootdir: /home/mati/mur
configfile: pytest.ini
plugins: hypothesis-6.99.6, xdist-3.5.0
collected 1 item

test/test_rollingcountminsketch.py .                                     [100%]

============================== 1 passed in 0.52s ===============================
‚ñ∂Ô∏è  TEST_SEED=185
============================= test session starts ==============================
platform linux -- Python 3.12.3, pytest-8.0.0, pluggy-1.5.0
rootdir: /home/mati/mur
configfile: pytest.ini
plugins: hypothesis-6.99.6, xdist-3.5.0
collected 1 item

test/test_rollingcountminsketch.py .                                     [100%]

============================== 1 passed in 0.53s ===============================
‚ñ∂Ô∏è  TEST_SEED=186
============================= test session starts ==============================
platform linux -- Python 3.12.3, pytest-8.0.0, pluggy-1.5.0
rootdir: /home/mati/mur
configfile: pytest.ini
plugins: hypothesis-6.99.6, xdist-3.5.0
collected 1 item

test/test_rollingcountminsketch.py .                                     [100%]

============================== 1 passed in 0.53s ===============================
‚ñ∂Ô∏è  TEST_SEED=187
============================= test session starts ==============================
platform linux -- Python 3.12.3, pytest-8.0.0, pluggy-1.5.0
rootdir: /home/mati/mur
configfile: pytest.ini
plugins: hypothesis-6.99.6, xdist-3.5.0
collected 1 item

test/test_rollingcountminsketch.py .                                     [100%]

============================== 1 passed in 0.52s ===============================
‚ñ∂Ô∏è  TEST_SEED=188
============================= test session starts ==============================
platform linux -- Python 3.12.3, pytest-8.0.0, pluggy-1.5.0
rootdir: /home/mati/mur
configfile: pytest.ini
plugins: hypothesis-6.99.6, xdist-3.5.0
collected 1 item

test/test_rollingcountminsketch.py .                                     [100%]

============================== 1 passed in 0.56s ===============================
‚ñ∂Ô∏è  TEST_SEED=189
============================= test session starts ==============================
platform linux -- Python 3.12.3, pytest-8.0.0, pluggy-1.5.0
rootdir: /home/mati/mur
configfile: pytest.ini
plugins: hypothesis-6.99.6, xdist-3.5.0
collected 1 item

test/test_rollingcountminsketch.py .                                     [100%]

============================== 1 passed in 0.52s ===============================
‚ñ∂Ô∏è  TEST_SEED=190
============================= test session starts ==============================
platform linux -- Python 3.12.3, pytest-8.0.0, pluggy-1.5.0
rootdir: /home/mati/mur
configfile: pytest.ini
plugins: hypothesis-6.99.6, xdist-3.5.0
collected 1 item

test/test_rollingcountminsketch.py .                                     [100%]

============================== 1 passed in 0.52s ===============================
‚ñ∂Ô∏è  TEST_SEED=191
============================= test session starts ==============================
platform linux -- Python 3.12.3, pytest-8.0.0, pluggy-1.5.0
rootdir: /home/mati/mur
configfile: pytest.ini
plugins: hypothesis-6.99.6, xdist-3.5.0
collected 1 item

test/test_rollingcountminsketch.py .                                     [100%]

============================== 1 passed in 0.52s ===============================
‚ñ∂Ô∏è  TEST_SEED=192
============================= test session starts ==============================
platform linux -- Python 3.12.3, pytest-8.0.0, pluggy-1.5.0
rootdir: /home/mati/mur
configfile: pytest.ini
plugins: hypothesis-6.99.6, xdist-3.5.0
collected 1 item

test/test_rollingcountminsketch.py .                                     [100%]

============================== 1 passed in 0.50s ===============================
‚ñ∂Ô∏è  TEST_SEED=193
============================= test session starts ==============================
platform linux -- Python 3.12.3, pytest-8.0.0, pluggy-1.5.0
rootdir: /home/mati/mur
configfile: pytest.ini
plugins: hypothesis-6.99.6, xdist-3.5.0
collected 1 item

test/test_rollingcountminsketch.py .                                     [100%]

============================== 1 passed in 0.53s ===============================
‚ñ∂Ô∏è  TEST_SEED=194
============================= test session starts ==============================
platform linux -- Python 3.12.3, pytest-8.0.0, pluggy-1.5.0
rootdir: /home/mati/mur
configfile: pytest.ini
plugins: hypothesis-6.99.6, xdist-3.5.0
collected 1 item

test/test_rollingcountminsketch.py .                                     [100%]

============================== 1 passed in 0.52s ===============================
‚ñ∂Ô∏è  TEST_SEED=195
============================= test session starts ==============================
platform linux -- Python 3.12.3, pytest-8.0.0, pluggy-1.5.0
rootdir: /home/mati/mur
configfile: pytest.ini
plugins: hypothesis-6.99.6, xdist-3.5.0
collected 1 item

test/test_rollingcountminsketch.py .                                     [100%]

============================== 1 passed in 0.53s ===============================
‚ñ∂Ô∏è  TEST_SEED=196
============================= test session starts ==============================
platform linux -- Python 3.12.3, pytest-8.0.0, pluggy-1.5.0
rootdir: /home/mati/mur
configfile: pytest.ini
plugins: hypothesis-6.99.6, xdist-3.5.0
collected 1 item

test/test_rollingcountminsketch.py .                                     [100%]

============================== 1 passed in 0.51s ===============================
‚ñ∂Ô∏è  TEST_SEED=197
============================= test session starts ==============================
platform linux -- Python 3.12.3, pytest-8.0.0, pluggy-1.5.0
rootdir: /home/mati/mur
configfile: pytest.ini
plugins: hypothesis-6.99.6, xdist-3.5.0
collected 1 item

test/test_rollingcountminsketch.py .                                     [100%]

============================== 1 passed in 0.52s ===============================
‚ñ∂Ô∏è  TEST_SEED=198
============================= test session starts ==============================
platform linux -- Python 3.12.3, pytest-8.0.0, pluggy-1.5.0
rootdir: /home/mati/mur
configfile: pytest.ini
plugins: hypothesis-6.99.6, xdist-3.5.0
collected 1 item

test/test_rollingcountminsketch.py .                                     [100%]

============================== 1 passed in 0.53s ===============================
‚ñ∂Ô∏è  TEST_SEED=199
============================= test session starts ==============================
platform linux -- Python 3.12.3, pytest-8.0.0, pluggy-1.5.0
rootdir: /home/mati/mur
configfile: pytest.ini
plugins: hypothesis-6.99.6, xdist-3.5.0
collected 1 item

test/test_rollingcountminsketch.py .                                     [100%]

============================== 1 passed in 0.54s ===============================
‚ñ∂Ô∏è  TEST_SEED=200
============================= test session starts ==============================
platform linux -- Python 3.12.3, pytest-8.0.0, pluggy-1.5.0
rootdir: /home/mati/mur
configfile: pytest.ini
plugins: hypothesis-6.99.6, xdist-3.5.0
collected 1 item

test/test_rollingcountminsketch.py .                                     [100%]

============================== 1 passed in 0.53s ===============================
‚ñ∂Ô∏è  TEST_SEED=201
============================= test session starts ==============================
platform linux -- Python 3.12.3, pytest-8.0.0, pluggy-1.5.0
rootdir: /home/mati/mur
configfile: pytest.ini
plugins: hypothesis-6.99.6, xdist-3.5.0
collected 1 item

test/test_rollingcountminsketch.py .                                     [100%]

============================== 1 passed in 0.52s ===============================
‚ñ∂Ô∏è  TEST_SEED=202
============================= test session starts ==============================
platform linux -- Python 3.12.3, pytest-8.0.0, pluggy-1.5.0
rootdir: /home/mati/mur
configfile: pytest.ini
plugins: hypothesis-6.99.6, xdist-3.5.0
collected 1 item

test/test_rollingcountminsketch.py .                                     [100%]

============================== 1 passed in 0.51s ===============================
‚ñ∂Ô∏è  TEST_SEED=203
============================= test session starts ==============================
platform linux -- Python 3.12.3, pytest-8.0.0, pluggy-1.5.0
rootdir: /home/mati/mur
configfile: pytest.ini
plugins: hypothesis-6.99.6, xdist-3.5.0
collected 1 item

test/test_rollingcountminsketch.py .                                     [100%]

============================== 1 passed in 0.54s ===============================
‚ñ∂Ô∏è  TEST_SEED=204
============================= test session starts ==============================
platform linux -- Python 3.12.3, pytest-8.0.0, pluggy-1.5.0
rootdir: /home/mati/mur
configfile: pytest.ini
plugins: hypothesis-6.99.6, xdist-3.5.0
collected 1 item

test/test_rollingcountminsketch.py .                                     [100%]

============================== 1 passed in 0.51s ===============================
‚ñ∂Ô∏è  TEST_SEED=205
============================= test session starts ==============================
platform linux -- Python 3.12.3, pytest-8.0.0, pluggy-1.5.0
rootdir: /home/mati/mur
configfile: pytest.ini
plugins: hypothesis-6.99.6, xdist-3.5.0
collected 1 item

test/test_rollingcountminsketch.py .                                     [100%]

============================== 1 passed in 0.53s ===============================
‚ñ∂Ô∏è  TEST_SEED=206
============================= test session starts ==============================
platform linux -- Python 3.12.3, pytest-8.0.0, pluggy-1.5.0
rootdir: /home/mati/mur
configfile: pytest.ini
plugins: hypothesis-6.99.6, xdist-3.5.0
collected 1 item

test/test_rollingcountminsketch.py .                                     [100%]

============================== 1 passed in 0.53s ===============================
‚ñ∂Ô∏è  TEST_SEED=207
============================= test session starts ==============================
platform linux -- Python 3.12.3, pytest-8.0.0, pluggy-1.5.0
rootdir: /home/mati/mur
configfile: pytest.ini
plugins: hypothesis-6.99.6, xdist-3.5.0
collected 1 item

test/test_rollingcountminsketch.py .                                     [100%]

============================== 1 passed in 0.52s ===============================
‚ñ∂Ô∏è  TEST_SEED=208
============================= test session starts ==============================
platform linux -- Python 3.12.3, pytest-8.0.0, pluggy-1.5.0
rootdir: /home/mati/mur
configfile: pytest.ini
plugins: hypothesis-6.99.6, xdist-3.5.0
collected 1 item

test/test_rollingcountminsketch.py .                                     [100%]

============================== 1 passed in 0.52s ===============================
‚ñ∂Ô∏è  TEST_SEED=209
============================= test session starts ==============================
platform linux -- Python 3.12.3, pytest-8.0.0, pluggy-1.5.0
rootdir: /home/mati/mur
configfile: pytest.ini
plugins: hypothesis-6.99.6, xdist-3.5.0
collected 1 item

test/test_rollingcountminsketch.py .                                     [100%]

============================== 1 passed in 0.52s ===============================
‚ñ∂Ô∏è  TEST_SEED=210
============================= test session starts ==============================
platform linux -- Python 3.12.3, pytest-8.0.0, pluggy-1.5.0
rootdir: /home/mati/mur
configfile: pytest.ini
plugins: hypothesis-6.99.6, xdist-3.5.0
collected 1 item

test/test_rollingcountminsketch.py .                                     [100%]

============================== 1 passed in 0.52s ===============================
‚ñ∂Ô∏è  TEST_SEED=211
============================= test session starts ==============================
platform linux -- Python 3.12.3, pytest-8.0.0, pluggy-1.5.0
rootdir: /home/mati/mur
configfile: pytest.ini
plugins: hypothesis-6.99.6, xdist-3.5.0
collected 1 item

test/test_rollingcountminsketch.py .                                     [100%]

============================== 1 passed in 0.51s ===============================
‚ñ∂Ô∏è  TEST_SEED=212
============================= test session starts ==============================
platform linux -- Python 3.12.3, pytest-8.0.0, pluggy-1.5.0
rootdir: /home/mati/mur
configfile: pytest.ini
plugins: hypothesis-6.99.6, xdist-3.5.0
collected 1 item

test/test_rollingcountminsketch.py .                                     [100%]

============================== 1 passed in 0.56s ===============================
‚ñ∂Ô∏è  TEST_SEED=213
============================= test session starts ==============================
platform linux -- Python 3.12.3, pytest-8.0.0, pluggy-1.5.0
rootdir: /home/mati/mur
configfile: pytest.ini
plugins: hypothesis-6.99.6, xdist-3.5.0
collected 1 item

test/test_rollingcountminsketch.py .                                     [100%]

============================== 1 passed in 0.51s ===============================
‚ñ∂Ô∏è  TEST_SEED=214
============================= test session starts ==============================
platform linux -- Python 3.12.3, pytest-8.0.0, pluggy-1.5.0
rootdir: /home/mati/mur
configfile: pytest.ini
plugins: hypothesis-6.99.6, xdist-3.5.0
collected 1 item

test/test_rollingcountminsketch.py .                                     [100%]

============================== 1 passed in 0.53s ===============================
‚ñ∂Ô∏è  TEST_SEED=215
============================= test session starts ==============================
platform linux -- Python 3.12.3, pytest-8.0.0, pluggy-1.5.0
rootdir: /home/mati/mur
configfile: pytest.ini
plugins: hypothesis-6.99.6, xdist-3.5.0
collected 1 item

test/test_rollingcountminsketch.py .                                     [100%]

============================== 1 passed in 0.53s ===============================
‚ñ∂Ô∏è  TEST_SEED=216
============================= test session starts ==============================
platform linux -- Python 3.12.3, pytest-8.0.0, pluggy-1.5.0
rootdir: /home/mati/mur
configfile: pytest.ini
plugins: hypothesis-6.99.6, xdist-3.5.0
collected 1 item

test/test_rollingcountminsketch.py .                                     [100%]

============================== 1 passed in 0.52s ===============================
‚ñ∂Ô∏è  TEST_SEED=217
============================= test session starts ==============================
platform linux -- Python 3.12.3, pytest-8.0.0, pluggy-1.5.0
rootdir: /home/mati/mur
configfile: pytest.ini
plugins: hypothesis-6.99.6, xdist-3.5.0
collected 1 item

test/test_rollingcountminsketch.py .                                     [100%]

============================== 1 passed in 0.54s ===============================
‚ñ∂Ô∏è  TEST_SEED=218
============================= test session starts ==============================
platform linux -- Python 3.12.3, pytest-8.0.0, pluggy-1.5.0
rootdir: /home/mati/mur
configfile: pytest.ini
plugins: hypothesis-6.99.6, xdist-3.5.0
collected 1 item

test/test_rollingcountminsketch.py .                                     [100%]

============================== 1 passed in 0.52s ===============================
‚ñ∂Ô∏è  TEST_SEED=219
============================= test session starts ==============================
platform linux -- Python 3.12.3, pytest-8.0.0, pluggy-1.5.0
rootdir: /home/mati/mur
configfile: pytest.ini
plugins: hypothesis-6.99.6, xdist-3.5.0
collected 1 item

test/test_rollingcountminsketch.py .                                     [100%]

============================== 1 passed in 0.55s ===============================
‚ñ∂Ô∏è  TEST_SEED=220
============================= test session starts ==============================
platform linux -- Python 3.12.3, pytest-8.0.0, pluggy-1.5.0
rootdir: /home/mati/mur
configfile: pytest.ini
plugins: hypothesis-6.99.6, xdist-3.5.0
collected 1 item

test/test_rollingcountminsketch.py .                                     [100%]

============================== 1 passed in 0.52s ===============================
‚ñ∂Ô∏è  TEST_SEED=221
============================= test session starts ==============================
platform linux -- Python 3.12.3, pytest-8.0.0, pluggy-1.5.0
rootdir: /home/mati/mur
configfile: pytest.ini
plugins: hypothesis-6.99.6, xdist-3.5.0
collected 1 item

test/test_rollingcountminsketch.py .                                     [100%]

============================== 1 passed in 0.53s ===============================
‚ñ∂Ô∏è  TEST_SEED=222
============================= test session starts ==============================
platform linux -- Python 3.12.3, pytest-8.0.0, pluggy-1.5.0
rootdir: /home/mati/mur
configfile: pytest.ini
plugins: hypothesis-6.99.6, xdist-3.5.0
collected 1 item

test/test_rollingcountminsketch.py .                                     [100%]

============================== 1 passed in 0.53s ===============================
‚ñ∂Ô∏è  TEST_SEED=223
============================= test session starts ==============================
platform linux -- Python 3.12.3, pytest-8.0.0, pluggy-1.5.0
rootdir: /home/mati/mur
configfile: pytest.ini
plugins: hypothesis-6.99.6, xdist-3.5.0
collected 1 item

test/test_rollingcountminsketch.py .                                     [100%]

============================== 1 passed in 0.51s ===============================
‚ñ∂Ô∏è  TEST_SEED=224
============================= test session starts ==============================
platform linux -- Python 3.12.3, pytest-8.0.0, pluggy-1.5.0
rootdir: /home/mati/mur
configfile: pytest.ini
plugins: hypothesis-6.99.6, xdist-3.5.0
collected 1 item

test/test_rollingcountminsketch.py .                                     [100%]

============================== 1 passed in 0.54s ===============================
‚ñ∂Ô∏è  TEST_SEED=225
============================= test session starts ==============================
platform linux -- Python 3.12.3, pytest-8.0.0, pluggy-1.5.0
rootdir: /home/mati/mur
configfile: pytest.ini
plugins: hypothesis-6.99.6, xdist-3.5.0
collected 1 item

test/test_rollingcountminsketch.py .                                     [100%]

============================== 1 passed in 0.53s ===============================
‚ñ∂Ô∏è  TEST_SEED=226
============================= test session starts ==============================
platform linux -- Python 3.12.3, pytest-8.0.0, pluggy-1.5.0
rootdir: /home/mati/mur
configfile: pytest.ini
plugins: hypothesis-6.99.6, xdist-3.5.0
collected 1 item

test/test_rollingcountminsketch.py .                                     [100%]

============================== 1 passed in 0.51s ===============================
‚ñ∂Ô∏è  TEST_SEED=227
============================= test session starts ==============================
platform linux -- Python 3.12.3, pytest-8.0.0, pluggy-1.5.0
rootdir: /home/mati/mur
configfile: pytest.ini
plugins: hypothesis-6.99.6, xdist-3.5.0
collected 1 item

test/test_rollingcountminsketch.py .                                     [100%]

============================== 1 passed in 0.53s ===============================
‚ñ∂Ô∏è  TEST_SEED=228
============================= test session starts ==============================
platform linux -- Python 3.12.3, pytest-8.0.0, pluggy-1.5.0
rootdir: /home/mati/mur
configfile: pytest.ini
plugins: hypothesis-6.99.6, xdist-3.5.0
collected 1 item

test/test_rollingcountminsketch.py .                                     [100%]

============================== 1 passed in 0.53s ===============================
‚ñ∂Ô∏è  TEST_SEED=229
============================= test session starts ==============================
platform linux -- Python 3.12.3, pytest-8.0.0, pluggy-1.5.0
rootdir: /home/mati/mur
configfile: pytest.ini
plugins: hypothesis-6.99.6, xdist-3.5.0
collected 1 item

test/test_rollingcountminsketch.py .                                     [100%]

============================== 1 passed in 0.52s ===============================
‚ñ∂Ô∏è  TEST_SEED=230
============================= test session starts ==============================
platform linux -- Python 3.12.3, pytest-8.0.0, pluggy-1.5.0
rootdir: /home/mati/mur
configfile: pytest.ini
plugins: hypothesis-6.99.6, xdist-3.5.0
collected 1 item

test/test_rollingcountminsketch.py .                                     [100%]

============================== 1 passed in 0.55s ===============================
‚ñ∂Ô∏è  TEST_SEED=231
============================= test session starts ==============================
platform linux -- Python 3.12.3, pytest-8.0.0, pluggy-1.5.0
rootdir: /home/mati/mur
configfile: pytest.ini
plugins: hypothesis-6.99.6, xdist-3.5.0
collected 1 item

test/test_rollingcountminsketch.py F                                     [100%]

=================================== FAILURES ===================================
__________________ TestRollingCountMinSketch.test_randomised ___________________

self = <test.test_rollingcountminsketch.TestRollingCountMinSketch object at 0x75e63f7ee0f0>

    def test_randomised(self):
        file_handler = logging.FileHandler("test_rollingcountminsketch.log", mode="w")
        file_handler.setLevel(logging.DEBUG)
    
        logger = logging.getLogger("count.rolling_cms")
        logger.setLevel(logging.DEBUG)
        logger.addHandler(file_handler)
        print("[TEST] Creating RollingCountMinSketch instance")
        core = RollingCountMinSketch(
            depth            = self.depth,
            width            = self.width,
            counter_width    = self.counter_width,
            input_data_width = self.item_width,
            hash_params      = self.hash_params,
        )
        print("[TEST] RollingCountMinSketch instance created")
    
        print("[TEST] Creating SimpleTestCircuit")
        self.dut = SimpleTestCircuit(core)
        print("[TEST] SimpleTestCircuit created")
    
        print("[TEST] Starting simulation")
>       with self.run_simulation(self.dut) as sim:

test/test_rollingcountminsketch.py:225: 
_ _ _ _ _ _ _ _ _ _ _ _ _ _ _ _ _ _ _ _ _ _ _ _ _ _ _ _ _ _ _ _ _ _ _ _ _ _ _ _ 
/usr/lib/python3.12/contextlib.py:144: in __exit__
    next(self.gen)
../transactron/transactron/testing/infrastructure.py:330: in run_simulation
    sim.run()
../transactron/transactron/testing/infrastructure.py:192: in run
    super().run()
../amaranth/amaranth/sim/core.py:302: in run
    while self.advance():
../amaranth/amaranth/sim/core.py:342: in advance
    return self._engine.advance()
../amaranth/amaranth/sim/pysim.py:707: in advance
    testbench.run()
../amaranth/amaranth/sim/_async.py:756: in run
    self.waits_on = self.coroutine.send(None)
_ _ _ _ _ _ _ _ _ _ _ _ _ _ _ _ _ _ _ _ _ _ _ _ _ _ _ _ _ _ _ _ _ _ _ _ _ _ _ _ 

sim = <amaranth.sim._async.TestbenchContext object at 0x75e63f60a0c0>

    async def timeout_testbench(sim: SimulatorContext):
        await sim.delay(clk_period * max_cycles)
>       assert False, "simulation timed out"
E       AssertionError: simulation timed out

../transactron/transactron/testing/infrastructure.py:186: AssertionError
----------------------------- Captured stdout call -----------------------------
[TEST] Creating RollingCountMinSketch instance
[TEST] RollingCountMinSketch instance created
[TEST] Creating SimpleTestCircuit
[TEST] SimpleTestCircuit created
[TEST] Starting simulation
[TEST] Adding driver process
[TEST] Adding checker process
[DRIVER] Setting mode to QUERY (1)
[CHECKER] Starting checker with 7 expected results
[CHECKER] Calling read_count
[DRIVER] Mode set to QUERY (1)
[DRIVER] Calling fifo2.call with data=16437
[DRIVER] fifo2.call completed
[DRIVER] Calling fifo2.call with data=41962
[DRIVER] fifo2.call completed
[DRIVER] Adding idle cycle
[DRIVER] Idle cycle complete
[DRIVER] Calling fifo1.call with data=30329
[DRIVER] fifo1.call completed
[DRIVER] Calling fifo1.call with data=40452
[DRIVER] fifo1.call completed
[DRIVER] Adding idle cycle
[DRIVER] Idle cycle complete
[DRIVER] Adding idle cycle
[DRIVER] Idle cycle complete
[DRIVER] Calling fifo2.call with data=38595
[DRIVER] fifo2.call completed
[DRIVER] Adding idle cycle
[DRIVER] Idle cycle complete
[DRIVER] Setting mode to UPDATE (0)
[CHECKER] read_count completed with result Const(StructLayout({'count': 32}), 0), expected {'count': 0}
[CHECKER] Calling read_count
[DRIVER] Mode set to UPDATE (0)
[DRIVER] Calling fifo1.call with data=15661
[CHECKER] read_count completed with result Const(StructLayout({'count': 32}), 0), expected {'count': 0}
[CHECKER] Calling read_count
[DRIVER] fifo1.call completed
[DRIVER] Calling fifo1.call with data=45202
[DRIVER] fifo1.call completed
[DRIVER] Adding idle cycle
[DRIVER] Idle cycle complete
[DRIVER] Adding idle cycle
[DRIVER] Idle cycle complete
[DRIVER] Setting mode to QUERY (1)
[DRIVER] Mode set to QUERY (1)
[DRIVER] Calling fifo1.call with data=810
[DRIVER] fifo1.call completed
[DRIVER] Calling fifo2.call with data=51201
[DRIVER] fifo2.call completed
[DRIVER] Setting mode to UPDATE (0) before change_roles
[DRIVER] Mode set to UPDATE (0)
[DRIVER] Calling change_roles
[DRIVER] change_roles completed
[DRIVER] Calling fifo2.call with data=6830
[DRIVER] fifo2.call completed
[DRIVER] Setting mode to QUERY (1)
[CHECKER] read_count completed with result Const(StructLayout({'count': 32}), 0), expected {'count': 0}
[CHECKER] Calling read_count
[DRIVER] Mode set to QUERY (1)
[DRIVER] Calling fifo2.call with data=13475
[DRIVER] fifo2.call completed
[DRIVER] Adding idle cycle
[DRIVER] Idle cycle complete
[DRIVER] Adding idle cycle
[DRIVER] Idle cycle complete
[DRIVER] Setting mode to UPDATE (0)
[DRIVER] Mode set to UPDATE (0)
[DRIVER] Calling fifo2.call with data=45225
[DRIVER] fifo2.call completed
[DRIVER] Adding idle cycle
[DRIVER] Idle cycle complete
[DRIVER] Calling change_roles
[DRIVER] change_roles completed
[DRIVER] Calling fifo2.call with data=41764
[DRIVER] fifo2.call completed
[DRIVER] Setting mode to QUERY (1)
[DRIVER] Mode set to QUERY (1)
[DRIVER] Calling fifo2.call with data=1346
[DRIVER] fifo2.call completed
[DRIVER] Setting mode to UPDATE (0)
[DRIVER] Mode set to UPDATE (0)
[DRIVER] Calling fifo1.call with data=42368
[DRIVER] fifo1.call completed
[DRIVER] Calling fifo2.call with data=10284
[DRIVER] fifo2.call completed
[DRIVER] Setting mode to QUERY (1)
[DRIVER] Mode set to QUERY (1)
[DRIVER] Calling fifo1.call with data=22368
[DRIVER] fifo1.call completed
[DRIVER] Setting mode to UPDATE (0)
[DRIVER] Mode set to UPDATE (0)
[DRIVER] Calling fifo2.call with data=32182
[DRIVER] fifo2.call completed
[DRIVER] Calling fifo1.call with data=42112
[DRIVER] fifo1.call completed
[DRIVER] Setting mode to QUERY (1)
[DRIVER] Mode set to QUERY (1)
[DRIVER] Calling fifo1.call with data=12550
[DRIVER] fifo1.call completed
[DRIVER] Calling fifo1.call with data=16162
[CHECKER] read_count completed with result Const(StructLayout({'count': 32}), 0), expected {'count': 0}
[CHECKER] Calling read_count
[DRIVER] fifo1.call completed
[DRIVER] Calling fifo2.call with data=54513
[DRIVER] fifo2.call completed
[DRIVER] Calling fifo1.call with data=6968
[DRIVER] fifo1.call completed
[DRIVER] Setting mode to UPDATE (0)
[DRIVER] Mode set to UPDATE (0)
[DRIVER] Calling fifo1.call with data=18945
[DRIVER] fifo1.call completed
[DRIVER] Adding idle cycle
[CHECKER] read_count completed with result Const(StructLayout({'count': 32}), 0), expected {'count': 0}
[CHECKER] Calling read_count
[DRIVER] Idle cycle complete
[DRIVER] Adding idle cycle
[CHECKER] read_count completed with result Const(StructLayout({'count': 32}), 0), expected {'count': 0}
[CHECKER] Calling read_count
[DRIVER] Idle cycle complete
[DRIVER] Adding idle cycle
[DRIVER] Idle cycle complete
[DRIVER] Adding idle cycle
[DRIVER] Idle cycle complete
[DRIVER] Setting mode to QUERY (1)
[DRIVER] Mode set to QUERY (1)
[DRIVER] Calling fifo2.call with data=29773
[DRIVER] fifo2.call completed
[DRIVER] Setting mode to UPDATE (0)
[DRIVER] Mode set to UPDATE (0)
[DRIVER] Calling fifo1.call with data=53730
[DRIVER] fifo1.call completed
[DRIVER] Calling fifo1.call with data=64305
[DRIVER] fifo1.call completed
[DRIVER] Calling fifo2.call with data=22619
[DRIVER] fifo2.call completed
=========================== short test summary info ============================
FAILED test/test_rollingcountminsketch.py::TestRollingCountMinSketch::test_randomised
============================== 1 failed in 24.77s ==============================
